25-11-24 15:59:30 | INFO | ====================
25-11-24 15:59:36 | INFO | Bot started
25-11-24 15:59:38 | INFO | Подключились к Telegram API ✅
25-11-24 15:59:40 | INFO | Подключились к Google API ✅
25-11-24 15:59:42 | INFO | Загрузка ордера из таблицы: ['5', 'SANDUSDT', 'SHORT', '12.06, 14:04', '0,2797', '0,278184', '0,2741', '0,269335', '0,256635', '0,240382', '2', '0,3557784', '➕', '', '5', '', '➕']
25-11-24 15:59:42 | INFO | Запуск WebSocket для SANDUSDT. Задержка сброшена на 5с.
25-11-24 15:59:42 | INFO | Загрузка ордера из таблицы: ['8', 'ATAUSDT', 'SHORT', '12.06, 14:09', '0,0444', '0,044239', '0,043603', '0,042775', '0,040746', '0,03836', '2', '0,0564768', '➕', '', '5', '', '➕']
25-11-24 15:59:42 | INFO | Загрузка ордера из таблицы: ['9', 'MANAUSDT', 'SHORT', '12.06, 14:11', '0,2796', '0,27718', '0,27359', '0,267774', '0,255237', '0,239474', '2', '0,3556512', '➕', '', '5', '', '➕']
25-11-24 15:59:42 | INFO | Запуск WebSocket для ATAUSDT. Задержка сброшена на 5с.
25-11-24 15:59:42 | INFO | Загрузка ордера из таблицы: ['12', 'AAVEUSDT', 'SHORT', '12.06, 14:14', '294,48', '292,057082', '287,891109', '282,36238', '268,931481', '252,186301', '2', '374,57856', '➕', '', '5', '', '➕']
25-11-24 15:59:42 | INFO | Запуск WebSocket для MANAUSDT. Задержка сброшена на 5с.
25-11-24 15:59:42 | INFO | Загрузка ордера из таблицы: ['14', 'SANDUSDT', 'SHORT', '13.06, 14:29', '0,2577', '0,256647', '0,252801', '0,248209', '0,236264', '0,221492', '2', '0,3277944', '➕', '', '5', '', '➕']
25-11-24 15:59:42 | INFO | Загрузка ордера из таблицы: ['26', 'SANDUSDT', 'SHORT', '26.06, 08:29', '0,2462', '0,24509', '0,241462', '0,236932', '0,225383', '0,211874', '3', '0,35074637', '➕', '', '5', '', '➕']
25-11-24 15:59:42 | INFO | Загрузка ордера из таблицы: ['64', 'BANDUSDT', 'LONG', '11.07, 08:01', '0,6824', '0,686528', '0,696451', '0,709302', '0,739657', '0,777036', '3', '0,45158502', '➕', '', '5', '', '➕']
25-11-24 15:59:42 | INFO | Загрузка ордера из таблицы: ['69', 'DASHUSDT', 'LONG', '13.07, 11:03', '22,58', '22,724975', '23,017894', '23,500013', '24,493179', '25,70358', '1', '20,322', '➕', '', '5', '', '➕']
25-11-24 15:59:42 | INFO | Загрузка ордера из таблицы: ['35', 'MANAUSDT', 'SHORT', '01.07, 19:47', '0,2433', '0,241625', '0,238419', '0,233538', '0,222334', '0,208831', '3', '0,34661491', '➕', '', '5', '', '➕']
25-11-24 15:59:42 | INFO | Запуск WebSocket для SANDUSDT. Задержка сброшена на 5с.
25-11-24 15:59:42 | INFO | Запуск WebSocket для AAVEUSDT. Задержка сброшена на 5с.
25-11-24 15:59:42 | INFO | Запуск WebSocket для SANDUSDT. Задержка сброшена на 5с.
25-11-24 15:59:42 | INFO | Загрузка ордера из таблицы: ['28', 'MANAUSDT', 'SHORT', '26.06, 19:18', '0,248', '0,247008', '0,244035', '0,238906', '0,228159', '0,214707', '3', '0,35331072', '➕', '', '5', '', '➕']
25-11-24 15:59:42 | INFO | Запуск WebSocket для BANDUSDT. Задержка сброшена на 5с.
25-11-24 15:59:42 | INFO | Загрузка ордера из таблицы: ['73', 'BANDUSDT', 'LONG', '14.07, 07:31', '0,7236', '0,730248', '0,740355', '0,753337', '0,785121', '0,824898', '3', '0,47884954', '➕', '', '5', '', '➕']
25-11-24 15:59:42 | INFO | Запуск WebSocket для DASHUSDT. Задержка сброшена на 5с.
25-11-24 15:59:42 | INFO | Загрузка ордера из таблицы: ['74', 'ICPUSDT', 'LONG', '15.07, 21:15', '5,595', '5,616529', '5,687385', '5,796234', '6,046976', '6,34353', '4', '2,44368115', '➕', '', '5', '', '➕']
25-11-24 15:59:42 | INFO | Запуск WebSocket для MANAUSDT. Задержка сброшена на 5с.
25-11-24 15:59:42 | INFO | Загрузка ордера из таблицы: ['83', 'ICPUSDT', 'LONG', '18.07, 07:29', '6,024', '6,060791', '6,138974', '6,268849', '6,532549', '6,84249', '4', '2,63105188', '➕', '', '5', '', '➕']
25-11-24 15:59:42 | INFO | Загрузка ордера из таблицы: ['88', 'FILUSDT', 'LONG', '20.07, 19:26', '2,985', '3,001124', '3,04334', '3,099727', '3,225959', '3,396484', '4', '1,30373338', '➕', '', '5', '', '➕']
25-11-24 15:59:42 | INFO | Загрузка ордера из таблицы: ['92', 'SANDUSDT', 'SHORT', '23.07, 14:14', '0,3272', '0,325702', '0,3214', '0,315322', '0,300515', '0,282091', '0', '', '➕', '', '5', '', '➖']
25-11-24 15:59:42 | INFO | Загрузка ордера из таблицы: ['93', 'MANAUSDT', 'SHORT', '23.07, 20:20', '0,3177', '0,316127', '0,311695', '0,305178', '0,291576', '0,274158', '1', '0,34947', '➕', '', '5', '', '➕']
25-11-24 15:59:42 | INFO | Запуск WebSocket для MANAUSDT. Задержка сброшена на 5с.
25-11-24 15:59:42 | INFO | Загрузка ордера из таблицы: ['94', 'SANDUSDT', 'SHORT', '24.07, 13:13', '0,2974', '0,296262', '0,291591', '0,28637', '0,272593', '0,256913', '1', '0,32714', '➕', '', '5', '', '➕']
25-11-24 15:59:42 | INFO | Загрузка ордера из таблицы: ['96', 'MANAUSDT', 'SHORT', '28.07, 16:16', '0,3213', '0,318961', '0,314646', '0,308517', '0,293959', '0,275985', '1', '0,35343', '➕', '', '5', '', '➕']
25-11-24 15:59:42 | INFO | Запуск WebSocket для BANDUSDT. Задержка сброшена на 5с.
25-11-24 15:59:42 | INFO | Загрузка ордера из таблицы: ['97', 'SANDUSDT', 'SHORT', '28.07, 17:25', '0,3067', '0,304922', '0,300886', '0,294195', '0,281453', '0,264292', '0', '', '➕', '', '5', '', '➕']
25-11-24 15:59:42 | INFO | Загрузка ордера из таблицы: ['98', 'MANAUSDT', 'SHORT', '28.07, 22:35', '0,3048', '0,302987', '0,29843', '0,293036', '0,279507', '0,262713', '2', '0,3877056', '➕', '', '5', '', '➕']
25-11-24 15:59:42 | INFO | Запуск WebSocket для ICPUSDT. Задержка сброшена на 5с.
25-11-24 15:59:42 | INFO | Загрузка ордера из таблицы: ['100', 'MANAUSDT', 'SHORT', '01.08, 07:13', '0,2803', '0,278325', '0,274208', '0,269329', '0,256221', '0,240475', '2', '0,3565416', '➕', '', '5', '', '➕']
25-11-24 15:59:42 | INFO | Загрузка ордера из таблицы: ['101', 'SANDUSDT', 'SHORT', '01.08, 12:13', '0,2663', '0,265208', '0,261233', '0,255586', '0,244014', '0,229175', '1', '0,29293', '➕', '', '5', '', '➕']
25-11-24 15:59:42 | INFO | Запуск WebSocket для ICPUSDT. Задержка сброшена на 5с.
25-11-24 15:59:42 | INFO | Загрузка ордера из таблицы: ['103', 'SANDUSDT', 'SHORT', '05.08, 21:37', '0,2634', '0,2621', '0,258801', '0,253502', '0,241558', '0,227759', '1', '0,28974', '➕', '', '5', '', '➕']
25-11-24 15:59:42 | INFO | Запуск WebSocket для FILUSDT. Задержка сброшена на 5с.
25-11-24 15:59:42 | INFO | Загрузка ордера из таблицы: ['104', 'MANAUSDT', 'SHORT', '06.08, 10:00', '0,2772', '0,275157', '0,271247', '0,265948', '0,253957', '0,238296', '2', '0,3525984', '➕', '', '5', '', '➕']
25-11-24 15:59:42 | INFO | Запуск WebSocket для SANDUSDT. Задержка сброшена на 5с.
25-11-24 15:59:42 | INFO | Загрузка ордера из таблицы: ['111', 'UNIUSDT', 'LONG', '08.08, 18:00', '10,662', '10,748236', '10,904958', '11,093568', '11,59152', '12,1877', '4', '4,65675218', '➕', '', '5', '', '➕']
25-11-24 15:59:42 | INFO | Запуск WebSocket для MANAUSDT. Задержка сброшена на 5с.
25-11-24 15:59:42 | INFO | Загрузка ордера из таблицы: ['127', 'MANAUSDT', 'SHORT', '18.08, 15:01', '0,2845', '0,283166', '0,278931', '0,273906', '0,261039', '0,244982', '2', '0,361884', '➕', '', '5', '', '➕']
25-11-24 15:59:42 | INFO | Загрузка ордера из таблицы: ['128', 'SANDUSDT', 'SHORT', '19.08, 08:36', '0,2802', '0,278068', '0,274412', '0,26874', '0,25588', '0,240894', '1', '0,30822', '➕', '', '5', '', '➕']
25-11-24 15:59:42 | INFO | Запуск WebSocket для SANDUSDT. Задержка сброшена на 5с.
25-11-24 15:59:42 | INFO | Загрузка ордера из таблицы: ['130', 'SANDUSDT', 'SHORT', '21.08, 11:24', '0,2811', '0,279497', '0,275057', '0,269709', '0,257069', '0,241974', '1', '0,30921', '➕', '', '5', '', '➕']
25-11-24 15:59:42 | INFO | Запуск WebSocket для MANAUSDT. Задержка сброшена на 5с.
25-11-24 15:59:42 | INFO | Загрузка ордера из таблицы: ['131', 'MANAUSDT', 'SHORT', '21.08, 21:35', '0,2774', '0,276131', '0,271653', '0,266083', '0,254639', '0,238144', '2', '0,3528528', '➕', '', '5', '', '➕']
25-11-24 15:59:42 | INFO | Загрузка ордера из таблицы: ['132', 'DOTUSDT', 'SHORT', '22.08, 15:38', '3,6888', '3,665748', '3,608203', '3,545984', '3,38046', '3,177654', '2', '4,6921536', '➕', '', '5', '', '➕']
25-11-24 15:59:42 | INFO | Загрузка ордера из таблицы: ['136', 'CAKEUSDT', 'LONG', '23.08, 16:47', '2,779', '2,798508', '2,835377', '2,891921', '3,018052', '3,165555', '2', '2,089808', '➕', '', '5', '', '➕']
25-11-24 15:59:42 | INFO | Запуск WebSocket для SANDUSDT. Задержка сброшена на 5с.
25-11-24 15:59:42 | INFO | Загрузка ордера из таблицы: ['137', 'MANAUSDT', 'SHORT', '25.08, 20:05', '0,2817', '0,280373', '0,276169', '0,271206', '0,257862', '0,243091', '2', '0,3583224', '➕', '', '5', '', '➕']
25-11-24 15:59:42 | INFO | Запуск WebSocket для MANAUSDT. Задержка сброшена на 5с.
25-11-24 15:59:42 | INFO | Загрузка ордера из таблицы: ['138', 'SANDUSDT', 'SHORT', '26.08, 00:31', '0,2671', '0,265731', '0,261902', '0,25689', '0,244806', '0,230896', '1', '0,29381', '➕', '', '5', '', '➕']
25-11-24 15:59:42 | INFO | Загрузка ордера из таблицы: ['139', 'MANAUSDT', 'SHORT', '27.08, 18:04', '0,2875', '0,285291', '0,2809', '0,276012', '0,263354', '0,247201', '2', '0,3657', '➕', '', '5', '', '➕']
25-11-24 15:59:42 | INFO | Запуск WebSocket для MANAUSDT. Задержка сброшена на 5с.
25-11-24 15:59:42 | INFO | Загрузка ордера из таблицы: ['143', 'DOTUSDT', 'SHORT', '02.09, 13:20', '3,7709', '3,741798', '3,692022', '3,610544', '3,452115', '3,241694', '2', '4,7965848', '➕', '', '5', '', '➕']
25-11-24 15:59:42 | INFO | Запуск WebSocket для SANDUSDT. Задержка сброшена на 5с.
25-11-24 15:59:42 | INFO | Загрузка ордера из таблицы: ['159', 'SANDUSDT', 'SHORT', '23.09, 17:39', '0,2734', '0,271274', '0,267734', '0,262226', '0,24967', '0,234618', '0', '', '➕', '', '5', '', '➕']
25-11-24 15:59:42 | INFO | Загрузка ордера из таблицы: ['161', 'SANDUSDT', 'SHORT', '25.09, 20:55', '0,257', '0,255404', '0,251951', '0,246917', '0,235733', '0,221042', '1', '0,2827', '➕', '', '5', '', '➕']
25-11-24 15:59:42 | INFO | Запуск WebSocket для SANDUSDT. Задержка сброшена на 5с.
25-11-24 15:59:42 | INFO | Загрузка ордера из таблицы: ['174', 'UNIUSDT', 'LONG', '14.10, 19:30', '6,826', '6,861844', '6,9693', '7,103285', '7,398453', '7,755154', '2', '5,133152', '➕', '', '5', '', '➕']
25-11-24 15:59:42 | INFO | Загрузка ордера из таблицы: ['175', 'ZRXUSDT', 'LONG', '15.10, 17:06', '0,2157', '0,216545', '0,219438', '0,22344', '0,233319', '0,245528', '2', '0,1622064', '➕', '', '3', '', '➕']
25-11-24 15:59:42 | INFO | Запуск WebSocket для MANAUSDT. Задержка сброшена на 5с.
25-11-24 15:59:42 | INFO | Загрузка ордера из таблицы: ['176', 'HBARUSDT', 'LONG', '16.10, 17:42', '0,18162', '0,182793', '0,185475', '0,188708', '0,196653', '0,207081', '1', '0,163458', '➕', '', '4', '', '➕']
25-11-24 15:59:42 | INFO | Загрузка ордера из таблицы: ['177', 'CAKEUSDT', 'LONG', '20.10, 13:09', '2,978', '2,994304', '3,040261', '3,092534', '3,226255', '3,388193', '2', '2,239456', '➕', '', '2', '', '➕']
25-11-24 15:59:42 | INFO | Запуск WebSocket для UNIUSDT. Задержка сброшена на 5с.
25-11-24 15:59:42 | INFO | Загрузка ордера из таблицы: ['178', 'APTUSDT', 'LONG', '20.10, 14:53', '3,311', '3,33101', '3,375315', '3,439281', '3,586017', '3,77082', '2', '2,489872', '➕', '', '4', '', '➕']
25-11-24 15:59:42 | INFO | Загрузка ордера из таблицы: ['179', 'AVAXUSDT', 'LONG', '21.10, 12:53', '19,799', '19,937099', '20,220494', '20,603677', '21,452074', '22,586016', '2', '14,888848', '➕', '', '3', '', '➕']
25-11-24 15:59:42 | INFO | Запуск WebSocket для MANAUSDT. Задержка сброшена на 5с.
25-11-24 15:59:42 | INFO | Загрузка ордера из таблицы: ['180', 'ONDOUSDT', 'LONG', '21.10, 19:27', '0,7794', '0,783637', '0,794569', '0,809376', '0,846639', '0,887217', '3', '0,51577574', '➕', '', '0', '', '➕']
25-11-24 15:59:42 | INFO | Запуск WebSocket для SANDUSDT. Задержка сброшена на 5с.
25-11-24 15:59:42 | INFO | Загрузка ордера из таблицы: ['181', 'CAKEUSDT', 'LONG', '22.10, 11:44', '2,759', '2,77317', '2,811253', '2,864167', '2,99189', '3,141226', '2', '2,074768', '➕', '', '3', '', '➕']
25-11-24 15:59:42 | INFO | Загрузка ордера из таблицы: ['182', 'XRPUSDT', 'LONG', '24.10, 16:42', '2,5077', '2,525899', '2,556754', '2,606119', '2,720599', '2,855805', '1', '2,25693', '➕', '', '3', '', '➕']
25-11-24 15:59:42 | INFO | Запуск WebSocket для SANDUSDT. Задержка сброшена на 5с.
25-11-24 15:59:42 | INFO | Загрузка ордера из таблицы: ['183', 'LINKUSDT', 'LONG', '25.10, 13:46', '17,917', '18,037241', '18,29971', '18,651705', '19,471977', '20,448306', '2', '13,473584', '➕', '', '3', '', '➕']
25-11-24 15:59:42 | INFO | Загрузка ордера из таблицы: ['184', 'HBARUSDT', 'LONG', '26.10, 15:05', '0,17861', '0,179577', '0,182366', '0,185582', '0,193902', '0,20328', '1', '0,160749', '➕', '', '5', '', '➕']
25-11-24 15:59:42 | INFO | Запуск WebSocket для MANAUSDT. Задержка сброшена на 5с.
25-11-24 15:59:42 | INFO | Загрузка ордера из таблицы: ['185', 'ADAUSDT', 'LONG', '27.10, 12:40', '0,678', '0,683205', '0,693901', '0,70567', '0,736716', '0,772236', '3', '0,44867328', '➕', '', '1', '', '➕']
25-11-24 15:59:42 | INFO | Запуск WebSocket для DOTUSDT. Задержка сброшена на 5с.
25-11-24 15:59:42 | INFO | Загрузка ордера из таблицы: ['186', 'SUIUSDT', 'LONG', '27.10, 20:38', '2,6696', '2,693047', '2,73091', '2,778027', '2,899917', '3,053026', '3', '1,7666345', '➕', '', '0', '', '➕']
25-11-24 15:59:42 | INFO | Запуск WebSocket для CAKEUSDT. Задержка сброшена на 5с.
25-11-24 15:59:42 | INFO | Загрузка ордера из таблицы: ['187', 'UNIUSDT', 'LONG', '23.11, 19:02', '6,23', '8,067607', '8,17562', '8,332709', '8,700612', '9,133045', '0', '', '➕', '', '0', '', '➖']
25-11-24 15:59:42 | INFO | Загрузка ордера из таблицы: ['188', 'UNIUSDT', 'LONG', '23.11, 21:55', '6,14', '8,071123', '8,180124', '8,328027', '8,678562', '9,109846', '0', '', '➕', '', '0', '', '➖']
25-11-24 15:59:42 | INFO | Запуск WebSocket для MANAUSDT. Задержка сброшена на 5с.
25-11-24 15:59:42 | INFO | Загрузка ордера из таблицы: ['189', 'UNIUSDT', 'LONG', '23.11, 22:15', '6,146', '8,071123', '8,180124', '8,328027', '8,678562', '9,109846', '0', '', '➕', '', '0', '', '➖']
25-11-24 15:59:42 | INFO | Загрузка ордера из таблицы: ['190', 'UNIUSDT', 'LONG', '23.11, 22:16', '6,158', '8,071123', '8,180124', '8,328027', '8,678562', '9,109846', '0', '', '➕', '', '0', '', '➖']
25-11-24 15:59:42 | INFO | Запуск WebSocket для SANDUSDT. Задержка сброшена на 5с.
25-11-24 15:59:42 | INFO | Загрузка ордера из таблицы: ['191', 'UNIUSDT', 'LONG', '23.11, 22:50', '6,221', '8,071123', '8,180124', '8,328027', '8,678562', '9,109846', '0', '', '➕', '', '0', '', '➖']
25-11-24 15:59:42 | INFO | Запуск WebSocket для MANAUSDT. Задержка сброшена на 5с.
25-11-24 15:59:42 | INFO | Загрузка ордера из таблицы: ['192', 'UNIUSDT', 'LONG', '23.11, 23:11', '6,204', '8,071123', '8,180124', '8,328027', '8,678562', '9,109846', '0', '', '➕', '', '0', '', '➖']
25-11-24 15:59:42 | INFO | Загрузка ордера из таблицы: ['193', 'CAKEUSDT', 'LONG', '24.11, 12:28', '2,339', '2,358084', '2,393254', '2,434008', '2,539829', '2,67259', '0', '', '➕', '', '0', '', '➖']
25-11-24 15:59:42 | INFO | Запуск WebSocket для DOTUSDT. Задержка сброшена на 5с.
25-11-24 15:59:42 | INFO | Загрузка ордера из таблицы: ['194', 'DOTUSDT', 'SHORT', '24.11, 12:31', '2,2483', '2,22888', '2,198469', '2,149435', '2,053073', '1,926107', '0', '', '➕', '', '0', '', '➖']
25-11-24 15:59:42 | INFO | Загрузка ордера из таблицы: ['195', 'HBARUSDT', 'LONG', '24.11, 14:36', '0,14454', '0,145709', '0,147795', '0,15055', '0,157135', '0,164742', '0', '', '➕', '', '0', '', '➖']
25-11-24 15:59:42 | INFO | Запуск WebSocket для SANDUSDT. Задержка сброшена на 5с.
25-11-24 15:59:42 | INFO | Загрузка ордера из таблицы: ['196', 'XRPUSDT', 'LONG', '24.11, 14:37', '2,0599', '2,080463', '2,105546', '2,147768', '2,238902', '2,349125', '0', '', '➕', '', '0', '', '➖']
25-11-24 15:59:42 | INFO | Запуск WebSocket для SANDUSDT. Задержка сброшена на 5с.
25-11-24 15:59:42 | INFO | Загрузка ордера из таблицы: ['197', 'UNIUSDT', 'SHORT', '24.11, 14:38', '6,131', '6,080139', '5,990842', '5,859631', '5,605088', '5,261781', '0', '', '➕', '', '1', '', '➖']
25-11-24 15:59:42 | INFO | Загрузка ордера из таблицы: ['198', 'NEARUSDT', 'LONG', '24.11, 14:40', '1,858', '1,875098', '1,899949', '1,936114', '2,020032', '2,127328', '0', '', '➕', '', '0', '', '➖']
25-11-24 15:59:42 | INFO | Запуск WebSocket для UNIUSDT. Задержка сброшена на 5с.
25-11-24 15:59:42 | INFO | Загрузка ордера из таблицы: ['199', 'SUIUSDT', 'LONG', '24.11, 14:41', '1,3763', '1,389413', '1,408714', '1,434509', '1,49465', '1,571102', '0', '', '➕', '', '0', '', '➖']
25-11-24 15:59:42 | INFO | Запуск WebSocket для ZRXUSDT. Задержка сброшена на 5с.
25-11-24 15:59:42 | INFO | Загрузка ордера из таблицы: ['200', 'FILUSDT', 'SHORT', '24.11, 14:42', '1,605', '1,589098', '1,568223', '1,537609', '1,465802', '1,380081', '0', '', '➕', '', '1', '', '➖']
25-11-24 15:59:42 | INFO | Загрузка ордера из таблицы: ['201', 'ZRXUSDT', 'SHORT', '24.11, 14:43', '0,1529', '0,151766', '0,149374', '0,1465', '0,139559', '0,131545', '0', '', '➕', '', '1', '', '➖']
25-11-24 15:59:42 | INFO | Запуск WebSocket для HBARUSDT. Задержка сброшена на 5с.
25-11-24 15:59:42 | INFO | Загрузка ордера из таблицы: ['202', 'AVAXUSDT', 'LONG', '24.11, 14:44', '13,395', '13,522211', '13,711534', '13,976696', '14,601119', '15,277326', '0', '', '➕', '', '0', '', '➖']
25-11-24 15:59:42 | INFO | Запуск WebSocket для CAKEUSDT. Задержка сброшена на 5с.
25-11-24 15:59:42 | INFO | Загрузка ордера из таблицы: ['203', 'AVAXUSDT', 'LONG', '24.11, 15:23', '13,346', '13,522211', '13,711534', '13,976696', '14,601119', '15,277326', '0', '', '➕', '', '0', '', '➖']
25-11-24 15:59:42 | INFO | Запуск WebSocket для APTUSDT. Задержка сброшена на 5с.
25-11-24 15:59:42 | INFO | Запуск WebSocket для AVAXUSDT. Задержка сброшена на 5с.
25-11-24 15:59:42 | INFO | Запуск WebSocket для ONDOUSDT. Задержка сброшена на 5с.
25-11-24 15:59:42 | INFO | Запуск WebSocket для CAKEUSDT. Задержка сброшена на 5с.
25-11-24 15:59:42 | INFO | Запуск WebSocket для XRPUSDT. Задержка сброшена на 5с.
25-11-24 15:59:42 | INFO | Запуск WebSocket для LINKUSDT. Задержка сброшена на 5с.
25-11-24 15:59:42 | INFO | Запуск WebSocket для HBARUSDT. Задержка сброшена на 5с.
25-11-24 15:59:43 | INFO | Запуск WebSocket для ADAUSDT. Задержка сброшена на 5с.
25-11-24 15:59:43 | INFO | Запуск WebSocket для SUIUSDT. Задержка сброшена на 5с.
25-11-24 15:59:43 | INFO | Запуск WebSocket для UNIUSDT. Задержка сброшена на 5с.
25-11-24 15:59:43 | INFO | Запуск WebSocket для UNIUSDT. Задержка сброшена на 5с.
25-11-24 15:59:43 | INFO | Запуск WebSocket для UNIUSDT. Задержка сброшена на 5с.
25-11-24 15:59:43 | INFO | Запуск WebSocket для UNIUSDT. Задержка сброшена на 5с.
25-11-24 15:59:43 | INFO | Запуск WebSocket для UNIUSDT. Задержка сброшена на 5с.
25-11-24 15:59:43 | INFO | Запуск WebSocket для UNIUSDT. Задержка сброшена на 5с.
25-11-24 15:59:43 | INFO | Запуск WebSocket для CAKEUSDT. Задержка сброшена на 5с.
25-11-24 15:59:43 | INFO | Запуск WebSocket для DOTUSDT. Задержка сброшена на 5с.
25-11-24 15:59:43 | INFO | Запуск WebSocket для HBARUSDT. Задержка сброшена на 5с.
25-11-24 15:59:43 | INFO | Запуск WebSocket для XRPUSDT. Задержка сброшена на 5с.
25-11-24 15:59:43 | INFO | Запуск WebSocket для UNIUSDT. Задержка сброшена на 5с.
25-11-24 15:59:43 | INFO | Запуск WebSocket для NEARUSDT. Задержка сброшена на 5с.
25-11-24 15:59:43 | INFO | Запуск WebSocket для SUIUSDT. Задержка сброшена на 5с.
25-11-24 15:59:43 | INFO | Запуск WebSocket для FILUSDT. Задержка сброшена на 5с.
25-11-24 15:59:43 | INFO | Запуск WebSocket для ZRXUSDT. Задержка сброшена на 5с.
25-11-24 15:59:43 | INFO | Запуск WebSocket для AVAXUSDT. Задержка сброшена на 5с.
25-11-24 15:59:43 | INFO | Запуск WebSocket для AVAXUSDT. Задержка сброшена на 5с.
25-11-24 15:59:46 | INFO | Соединение с Bybit Stream для UNIUSDT открыто. Отправка подписки.
25-11-24 15:59:46 | INFO | Соединение с Bybit Stream для SANDUSDT открыто. Отправка подписки.
25-11-24 15:59:46 | INFO | Соединение с Bybit Stream для HBARUSDT открыто. Отправка подписки.
25-11-24 15:59:46 | INFO | Соединение с Bybit Stream для BANDUSDT открыто. Отправка подписки.
25-11-24 15:59:46 | INFO | Соединение с Bybit Stream для CAKEUSDT открыто. Отправка подписки.
25-11-24 15:59:46 | INFO | Соединение с Bybit Stream для SANDUSDT открыто. Отправка подписки.
25-11-24 15:59:46 | INFO | Соединение с Bybit Stream для SUIUSDT открыто. Отправка подписки.
25-11-24 15:59:46 | INFO | Соединение с Bybit Stream для APTUSDT открыто. Отправка подписки.
25-11-24 15:59:46 | INFO | Соединение с Bybit Stream для ZRXUSDT открыто. Отправка подписки.
25-11-24 15:59:46 | INFO | Соединение с Bybit Stream для UNIUSDT открыто. Отправка подписки.
25-11-24 15:59:46 | INFO | Соединение с Bybit Stream для MANAUSDT открыто. Отправка подписки.
25-11-24 15:59:46 | INFO | Соединение с Bybit Stream для DASHUSDT открыто. Отправка подписки.
25-11-24 15:59:46 | INFO | Соединение с Bybit Stream для UNIUSDT открыто. Отправка подписки.
25-11-24 15:59:46 | INFO | Соединение с Bybit Stream для FILUSDT открыто. Отправка подписки.
25-11-24 15:59:46 | INFO | Соединение с Bybit Stream для SUIUSDT открыто. Отправка подписки.
25-11-24 15:59:46 | INFO | Соединение с Bybit Stream для UNIUSDT открыто. Отправка подписки.
25-11-24 15:59:46 | INFO | Соединение с Bybit Stream для SANDUSDT открыто. Отправка подписки.
25-11-24 15:59:46 | INFO | Соединение с Bybit Stream для MANAUSDT открыто. Отправка подписки.
25-11-24 15:59:46 | INFO | Соединение с Bybit Stream для SANDUSDT открыто. Отправка подписки.
25-11-24 15:59:46 | INFO | Соединение с Bybit Stream для SANDUSDT открыто. Отправка подписки.
25-11-24 15:59:46 | INFO | Соединение с Bybit Stream для UNIUSDT открыто. Отправка подписки.
25-11-24 15:59:46 | INFO | Соединение с Bybit Stream для DOTUSDT открыто. Отправка подписки.
25-11-24 15:59:46 | INFO | Соединение с Bybit Stream для SANDUSDT открыто. Отправка подписки.
25-11-24 15:59:46 | INFO | Соединение с Bybit Stream для UNIUSDT открыто. Отправка подписки.
25-11-24 15:59:46 | INFO | Соединение с Bybit Stream для XRPUSDT открыто. Отправка подписки.
25-11-24 15:59:46 | INFO | Первое сообщение получено от Bybit Stream для SANDUSDT. Соединение стабильно.
25-11-24 15:59:46 | INFO | Первое сообщение получено от Bybit Stream для SANDUSDT. Соединение стабильно.
25-11-24 15:59:46 | INFO | Соединение с Bybit Stream для MANAUSDT открыто. Отправка подписки.
25-11-24 15:59:46 | INFO | Первое сообщение получено от Bybit Stream для UNIUSDT. Соединение стабильно.
25-11-24 15:59:46 | INFO | Первое сообщение получено от Bybit Stream для CAKEUSDT. Соединение стабильно.
25-11-24 15:59:46 | INFO | Первое сообщение получено от Bybit Stream для HBARUSDT. Соединение стабильно.
25-11-24 15:59:46 | INFO | Первое сообщение получено от Bybit Stream для BANDUSDT. Соединение стабильно.
25-11-24 15:59:46 | INFO | Соединение с Bybit Stream для CAKEUSDT открыто. Отправка подписки.
25-11-24 15:59:46 | INFO | Соединение с Bybit Stream для MANAUSDT открыто. Отправка подписки.
25-11-24 15:59:46 | INFO | Первое сообщение получено от Bybit Stream для SUIUSDT. Соединение стабильно.
25-11-24 15:59:46 | INFO | Первое сообщение получено от Bybit Stream для ZRXUSDT. Соединение стабильно.
25-11-24 15:59:46 | INFO | Соединение с Bybit Stream для SANDUSDT открыто. Отправка подписки.
25-11-24 15:59:46 | INFO | Первое сообщение получено от Bybit Stream для APTUSDT. Соединение стабильно.
25-11-24 15:59:46 | INFO | Соединение с Bybit Stream для MANAUSDT открыто. Отправка подписки.
25-11-24 15:59:46 | INFO | Соединение с Bybit Stream для CAKEUSDT открыто. Отправка подписки.
25-11-24 15:59:46 | INFO | Первое сообщение получено от Bybit Stream для MANAUSDT. Соединение стабильно.
25-11-24 15:59:46 | INFO | Первое сообщение получено от Bybit Stream для DASHUSDT. Соединение стабильно.
25-11-24 15:59:46 | INFO | Соединение с Bybit Stream для CAKEUSDT открыто. Отправка подписки.
25-11-24 15:59:46 | INFO | Первое сообщение получено от Bybit Stream для UNIUSDT. Соединение стабильно.
25-11-24 15:59:46 | INFO | Подключились к Bybit Stream для SANDUSDT ✅
25-11-24 15:59:46 | INFO | Соединение с Bybit Stream для SANDUSDT открыто. Отправка подписки.
25-11-24 15:59:46 | INFO | Первое сообщение получено от Bybit Stream для UNIUSDT. Соединение стабильно.
25-11-24 15:59:46 | INFO | Подключились к Bybit Stream для SANDUSDT ✅
25-11-24 15:59:46 | INFO | Первое сообщение получено от Bybit Stream для FILUSDT. Соединение стабильно.
25-11-24 15:59:46 | INFO | Соединение с Bybit Stream для MANAUSDT открыто. Отправка подписки.
25-11-24 15:59:46 | INFO | Соединение с Bybit Stream для SANDUSDT открыто. Отправка подписки.
25-11-24 15:59:46 | INFO | Соединение с Bybit Stream для SANDUSDT открыто. Отправка подписки.
25-11-24 15:59:46 | INFO | Соединение с Bybit Stream для AVAXUSDT открыто. Отправка подписки.
25-11-24 15:59:46 | INFO | Соединение с Bybit Stream для MANAUSDT открыто. Отправка подписки.
25-11-24 15:59:46 | INFO | Первое сообщение получено от Bybit Stream для SUIUSDT. Соединение стабильно.
25-11-24 15:59:46 | INFO | Соединение с Bybit Stream для HBARUSDT открыто. Отправка подписки.
25-11-24 15:59:46 | INFO | Соединение с Bybit Stream для DOTUSDT открыто. Отправка подписки.
25-11-24 15:59:46 | INFO | Первое сообщение получено от Bybit Stream для UNIUSDT. Соединение стабильно.
25-11-24 15:59:46 | INFO | Соединение с Bybit Stream для MANAUSDT открыто. Отправка подписки.
25-11-24 15:59:46 | INFO | Соединение с Bybit Stream для ADAUSDT открыто. Отправка подписки.
25-11-24 15:59:46 | INFO | Первое сообщение получено от Bybit Stream для MANAUSDT. Соединение стабильно.
25-11-24 15:59:46 | INFO | Соединение с Bybit Stream для LINKUSDT открыто. Отправка подписки.
25-11-24 15:59:46 | INFO | Соединение с Bybit Stream для MANAUSDT открыто. Отправка подписки.
25-11-24 15:59:46 | INFO | Соединение с Bybit Stream для HBARUSDT открыто. Отправка подписки.
25-11-24 15:59:46 | INFO | Соединение с Bybit Stream для BANDUSDT открыто. Отправка подписки.
25-11-24 15:59:46 | INFO | Соединение с Bybit Stream для SANDUSDT открыто. Отправка подписки.
25-11-24 15:59:46 | INFO | Соединение с Bybit Stream для FILUSDT открыто. Отправка подписки.
25-11-24 15:59:46 | INFO | Подключились к Bybit Stream для UNIUSDT ✅
25-11-24 15:59:46 | INFO | Соединение с Bybit Stream для SANDUSDT открыто. Отправка подписки.
25-11-24 15:59:46 | INFO | Первое сообщение получено от Bybit Stream для DOTUSDT. Соединение стабильно.
25-11-24 15:59:46 | INFO | Подключились к Bybit Stream для CAKEUSDT ✅
25-11-24 15:59:46 | INFO | Соединение с Bybit Stream для UNIUSDT открыто. Отправка подписки.
25-11-24 15:59:46 | INFO | Соединение с Bybit Stream для MANAUSDT открыто. Отправка подписки.
25-11-24 15:59:46 | INFO | Подключились к Bybit Stream для HBARUSDT ✅
25-11-24 15:59:46 | INFO | Соединение с Bybit Stream для ZRXUSDT открыто. Отправка подписки.
25-11-24 15:59:46 | INFO | Первое сообщение получено от Bybit Stream для XRPUSDT. Соединение стабильно.
25-11-24 15:59:46 | INFO | Соединение с Bybit Stream для MANAUSDT открыто. Отправка подписки.
25-11-24 15:59:46 | INFO | Соединение с Bybit Stream для NEARUSDT открыто. Отправка подписки.
25-11-24 15:59:46 | INFO | Подключились к Bybit Stream для BANDUSDT ✅
25-11-24 15:59:46 | INFO | Соединение с Bybit Stream для ONDOUSDT открыто. Отправка подписки.
25-11-24 15:59:46 | INFO | Соединение с Bybit Stream для XRPUSDT открыто. Отправка подписки.
25-11-24 15:59:46 | INFO | Соединение с Bybit Stream для ICPUSDT открыто. Отправка подписки.
25-11-24 15:59:46 | INFO | Соединение с Bybit Stream для AAVEUSDT открыто. Отправка подписки.
25-11-24 15:59:46 | INFO | Соединение с Bybit Stream для AVAXUSDT открыто. Отправка подписки.
25-11-24 15:59:46 | INFO | Соединение с Bybit Stream для UNIUSDT открыто. Отправка подписки.
25-11-24 15:59:46 | INFO | Подключились к Bybit Stream для SUIUSDT ✅
25-11-24 15:59:46 | INFO | Соединение с Bybit Stream для UNIUSDT открыто. Отправка подписки.
25-11-24 15:59:46 | INFO | Первое сообщение получено от Bybit Stream для MANAUSDT. Соединение стабильно.
25-11-24 15:59:46 | INFO | Подключились к Bybit Stream для ZRXUSDT ✅
25-11-24 15:59:46 | INFO | Подключились к Bybit Stream для APTUSDT ✅
25-11-24 15:59:46 | INFO | Первое сообщение получено от Bybit Stream для CAKEUSDT. Соединение стабильно.
25-11-24 15:59:46 | INFO | Первое сообщение получено от Bybit Stream для MANAUSDT. Соединение стабильно.
25-11-24 15:59:46 | INFO | Подключились к Bybit Stream для MANAUSDT ✅
25-11-24 15:59:46 | INFO | Подключились к Bybit Stream для DASHUSDT ✅
25-11-24 15:59:47 | INFO | Подключились к Bybit Stream для UNIUSDT ✅
25-11-24 15:59:47 | INFO | Соединение с Bybit Stream для DOTUSDT открыто. Отправка подписки.
25-11-24 15:59:47 | INFO | Первое сообщение получено от Bybit Stream для SANDUSDT. Соединение стабильно.
25-11-24 15:59:47 | INFO | Подключились к Bybit Stream для UNIUSDT ✅
25-11-24 15:59:47 | INFO | Первое сообщение получено от Bybit Stream для CAKEUSDT. Соединение стабильно.
25-11-24 15:59:47 | INFO | Подключились к Bybit Stream для FILUSDT ✅
25-11-24 15:59:47 | INFO | Соединение с Bybit Stream для ATAUSDT открыто. Отправка подписки.
25-11-24 15:59:47 | INFO | Первое сообщение получено от Bybit Stream для CAKEUSDT. Соединение стабильно.
25-11-24 15:59:47 | INFO | Первое сообщение получено от Bybit Stream для SANDUSDT. Соединение стабильно.
25-11-24 15:59:47 | INFO | Подключились к Bybit Stream для SUIUSDT ✅
25-11-24 15:59:47 | INFO | Первое сообщение получено от Bybit Stream для MANAUSDT. Соединение стабильно.
25-11-24 15:59:47 | INFO | Первое сообщение получено от Bybit Stream для SANDUSDT. Соединение стабильно.
25-11-24 15:59:47 | INFO | Первое сообщение получено от Bybit Stream для SANDUSDT. Соединение стабильно.
25-11-24 15:59:47 | INFO | Соединение с Bybit Stream для ICPUSDT открыто. Отправка подписки.
25-11-24 15:59:47 | INFO | Первое сообщение получено от Bybit Stream для AVAXUSDT. Соединение стабильно.
25-11-24 15:59:47 | INFO | Подключились к Bybit Stream для UNIUSDT ✅
25-11-24 15:59:47 | INFO | Первое сообщение получено от Bybit Stream для MANAUSDT. Соединение стабильно.
25-11-24 15:59:47 | INFO | Соединение с Bybit Stream для SANDUSDT открыто. Отправка подписки.
25-11-24 15:59:47 | INFO | Первое сообщение получено от Bybit Stream для HBARUSDT. Соединение стабильно.
25-11-24 15:59:47 | INFO | Соединение с Bybit Stream для AVAXUSDT открыто. Отправка подписки.
25-11-24 15:59:47 | INFO | Подключились к Bybit Stream для MANAUSDT ✅
25-11-24 15:59:47 | INFO | Соединение с Bybit Stream для MANAUSDT открыто. Отправка подписки.
25-11-24 15:59:47 | INFO | Первое сообщение получено от Bybit Stream для DOTUSDT. Соединение стабильно.
25-11-24 15:59:47 | INFO | Подключились к Bybit Stream для DOTUSDT ✅
25-11-24 15:59:47 | INFO | Первое сообщение получено от Bybit Stream для ADAUSDT. Соединение стабильно.
25-11-24 15:59:47 | INFO | Первое сообщение получено от Bybit Stream для MANAUSDT. Соединение стабильно.
25-11-24 15:59:47 | INFO | Первое сообщение получено от Bybit Stream для HBARUSDT. Соединение стабильно.
25-11-24 15:59:47 | INFO | Первое сообщение получено от Bybit Stream для LINKUSDT. Соединение стабильно.
25-11-24 15:59:47 | INFO | Подключились к Bybit Stream для XRPUSDT ✅
25-11-24 15:59:47 | INFO | Первое сообщение получено от Bybit Stream для MANAUSDT. Соединение стабильно.
25-11-24 15:59:47 | INFO | Первое сообщение получено от Bybit Stream для BANDUSDT. Соединение стабильно.
25-11-24 15:59:47 | INFO | Первое сообщение получено от Bybit Stream для SANDUSDT. Соединение стабильно.
25-11-24 15:59:47 | INFO | Первое сообщение получено от Bybit Stream для FILUSDT. Соединение стабильно.
25-11-24 15:59:47 | INFO | Первое сообщение получено от Bybit Stream для SANDUSDT. Соединение стабильно.
25-11-24 15:59:47 | INFO | Первое сообщение получено от Bybit Stream для UNIUSDT. Соединение стабильно.
25-11-24 15:59:47 | INFO | Первое сообщение получено от Bybit Stream для MANAUSDT. Соединение стабильно.
25-11-24 15:59:48 | INFO | Первое сообщение получено от Bybit Stream для ZRXUSDT. Соединение стабильно.
25-11-24 15:59:48 | INFO | Подключились к Bybit Stream для MANAUSDT ✅
25-11-24 15:59:48 | INFO | Первое сообщение получено от Bybit Stream для NEARUSDT. Соединение стабильно.
25-11-24 15:59:48 | INFO | Первое сообщение получено от Bybit Stream для XRPUSDT. Соединение стабильно.
25-11-24 15:59:48 | INFO | Первое сообщение получено от Bybit Stream для ONDOUSDT. Соединение стабильно.
25-11-24 15:59:48 | INFO | Первое сообщение получено от Bybit Stream для AAVEUSDT. Соединение стабильно.
25-11-24 15:59:48 | INFO | Первое сообщение получено от Bybit Stream для AVAXUSDT. Соединение стабильно.
25-11-24 15:59:48 | INFO | Первое сообщение получено от Bybit Stream для ICPUSDT. Соединение стабильно.
25-11-24 15:59:48 | INFO | Подключились к Bybit Stream для CAKEUSDT ✅
25-11-24 15:59:48 | INFO | Первое сообщение получено от Bybit Stream для UNIUSDT. Соединение стабильно.
25-11-24 15:59:48 | INFO | Подключились к Bybit Stream для MANAUSDT ✅
25-11-24 15:59:48 | INFO | Первое сообщение получено от Bybit Stream для UNIUSDT. Соединение стабильно.
25-11-24 15:59:48 | INFO | Первое сообщение получено от Bybit Stream для UNIUSDT. Соединение стабильно.
25-11-24 15:59:48 | INFO | Первое сообщение получено от Bybit Stream для UNIUSDT. Соединение стабильно.
25-11-24 15:59:48 | INFO | Первое сообщение получено от Bybit Stream для HBARUSDT. Соединение стабильно.
25-11-24 15:59:48 | INFO | Первое сообщение получено от Bybit Stream для UNIUSDT. Соединение стабильно.
25-11-24 15:59:48 | INFO | Подключились к Bybit Stream для SANDUSDT ✅
25-11-24 15:59:48 | INFO | Подключились к Bybit Stream для CAKEUSDT ✅
25-11-24 15:59:48 | INFO | Первое сообщение получено от Bybit Stream для UNIUSDT. Соединение стабильно.
25-11-24 15:59:48 | INFO | Первое сообщение получено от Bybit Stream для UNIUSDT. Соединение стабильно.
25-11-24 15:59:48 | INFO | Подключились к Bybit Stream для CAKEUSDT ✅
25-11-24 15:59:48 | INFO | Подключились к Bybit Stream для SANDUSDT ✅
25-11-24 15:59:48 | INFO | Подключились к Bybit Stream для MANAUSDT ✅
25-11-24 15:59:48 | INFO | Подключились к Bybit Stream для SANDUSDT ✅
25-11-24 15:59:48 | INFO | Подключились к Bybit Stream для SANDUSDT ✅
25-11-24 15:59:48 | INFO | Первое сообщение получено от Bybit Stream для DOTUSDT. Соединение стабильно.
25-11-24 15:59:48 | INFO | Подключились к Bybit Stream для AVAXUSDT ✅
25-11-24 15:59:48 | INFO | Подключились к Bybit Stream для MANAUSDT ✅
25-11-24 15:59:48 | INFO | Подключились к Bybit Stream для HBARUSDT ✅
25-11-24 15:59:48 | INFO | Первое сообщение получено от Bybit Stream для UNIUSDT. Соединение стабильно.
25-11-24 15:59:48 | INFO | Первое сообщение получено от Bybit Stream для ICPUSDT. Соединение стабильно.
25-11-24 15:59:48 | INFO | Подключились к Bybit Stream для DOTUSDT ✅
25-11-24 15:59:48 | INFO | Подключились к Bybit Stream для ADAUSDT ✅
25-11-24 15:59:48 | INFO | Подключились к Bybit Stream для MANAUSDT ✅
25-11-24 15:59:48 | INFO | Первое сообщение получено от Bybit Stream для SANDUSDT. Соединение стабильно.
25-11-24 15:59:48 | INFO | Подключились к Bybit Stream для HBARUSDT ✅
25-11-24 15:59:48 | INFO | Первое сообщение получено от Bybit Stream для AVAXUSDT. Соединение стабильно.
25-11-24 15:59:48 | INFO | Подключились к Bybit Stream для LINKUSDT ✅
25-11-24 15:59:49 | INFO | Подключились к Bybit Stream для MANAUSDT ✅
25-11-24 15:59:49 | INFO | Первое сообщение получено от Bybit Stream для XRPUSDT. Соединение стабильно.
25-11-24 15:59:49 | INFO | Подключились к Bybit Stream для BANDUSDT ✅
25-11-24 15:59:49 | INFO | Подключились к Bybit Stream для SANDUSDT ✅
25-11-24 15:59:49 | INFO | Подключились к Bybit Stream для FILUSDT ✅
25-11-24 15:59:49 | INFO | Подключились к Bybit Stream для SANDUSDT ✅
25-11-24 15:59:49 | INFO | Подключились к Bybit Stream для UNIUSDT ✅
25-11-24 15:59:49 | INFO | Подключились к Bybit Stream для MANAUSDT ✅
25-11-24 15:59:49 | INFO | Подключились к Bybit Stream для ZRXUSDT ✅
25-11-24 15:59:49 | INFO | Подключились к Bybit Stream для NEARUSDT ✅
25-11-24 15:59:49 | INFO | Подключились к Bybit Stream для XRPUSDT ✅
25-11-24 15:59:49 | INFO | Подключились к Bybit Stream для ONDOUSDT ✅
25-11-24 15:59:49 | INFO | Подключились к Bybit Stream для AAVEUSDT ✅
25-11-24 15:59:49 | INFO | Подключились к Bybit Stream для AVAXUSDT ✅
25-11-24 15:59:49 | INFO | Подключились к Bybit Stream для ICPUSDT ✅
25-11-24 15:59:49 | INFO | Подключились к Bybit Stream для UNIUSDT ✅
25-11-24 15:59:49 | INFO | Подключились к Bybit Stream для UNIUSDT ✅
25-11-24 15:59:49 | INFO | Подключились к Bybit Stream для UNIUSDT ✅
25-11-24 15:59:49 | INFO | Подключились к Bybit Stream для UNIUSDT ✅
25-11-24 15:59:49 | INFO | Подключились к Bybit Stream для HBARUSDT ✅
25-11-24 15:59:49 | INFO | Подключились к Bybit Stream для UNIUSDT ✅
25-11-24 15:59:49 | INFO | Подключились к Bybit Stream для UNIUSDT ✅
25-11-24 15:59:49 | INFO | Подключились к Bybit Stream для UNIUSDT ✅
25-11-24 15:59:50 | INFO | Подключились к Bybit Stream для DOTUSDT ✅
25-11-24 15:59:50 | INFO | Подключились к Bybit Stream для UNIUSDT ✅
25-11-24 15:59:50 | INFO | Подключились к Bybit Stream для ICPUSDT ✅
25-11-24 15:59:50 | INFO | Подключились к Bybit Stream для SANDUSDT ✅
25-11-24 15:59:50 | INFO | Подключились к Bybit Stream для AVAXUSDT ✅
25-11-24 15:59:50 | INFO | Подключились к Bybit Stream для XRPUSDT ✅
25-11-24 16:00:26 | DEBUG | Pong получен от Bybit Stream.
25-11-24 16:00:26 | DEBUG | Pong получен от Bybit Stream.
25-11-24 16:00:26 | DEBUG | Pong получен от Bybit Stream.
25-11-24 16:00:26 | DEBUG | Pong получен от Bybit Stream.
25-11-24 16:00:26 | DEBUG | Pong получен от Bybit Stream.
25-11-24 16:00:26 | DEBUG | Pong получен от Bybit Stream.
25-11-24 16:00:26 | DEBUG | Pong получен от Bybit Stream.
25-11-24 16:00:26 | DEBUG | Pong получен от Bybit Stream.
25-11-24 16:00:26 | DEBUG | Pong получен от Bybit Stream.
25-11-24 16:00:26 | DEBUG | Pong получен от Bybit Stream.
25-11-24 16:00:26 | DEBUG | Pong получен от Bybit Stream.
25-11-24 16:00:26 | DEBUG | Pong получен от Bybit Stream.
25-11-24 16:00:26 | DEBUG | Pong получен от Bybit Stream.
25-11-24 16:00:26 | DEBUG | Pong получен от Bybit Stream.
25-11-24 16:00:26 | DEBUG | Pong получен от Bybit Stream.
25-11-24 16:00:26 | DEBUG | Pong получен от Bybit Stream.
25-11-24 16:00:26 | DEBUG | Pong получен от Bybit Stream.
25-11-24 16:00:26 | DEBUG | Pong получен от Bybit Stream.
25-11-24 16:00:26 | DEBUG | Pong получен от Bybit Stream.
25-11-24 16:00:26 | DEBUG | Pong получен от Bybit Stream.
25-11-24 16:00:26 | DEBUG | Pong получен от Bybit Stream.
25-11-24 16:00:26 | DEBUG | Pong получен от Bybit Stream.
25-11-24 16:00:26 | DEBUG | Pong получен от Bybit Stream.
25-11-24 16:00:26 | DEBUG | Pong получен от Bybit Stream.
25-11-24 16:00:26 | DEBUG | Pong получен от Bybit Stream.
25-11-24 16:00:26 | DEBUG | Pong получен от Bybit Stream.
25-11-24 16:00:26 | DEBUG | Pong получен от Bybit Stream.
25-11-24 16:00:26 | DEBUG | Pong получен от Bybit Stream.
25-11-24 16:00:26 | DEBUG | Pong получен от Bybit Stream.
25-11-24 16:00:26 | DEBUG | Pong получен от Bybit Stream.
25-11-24 16:00:26 | DEBUG | Pong получен от Bybit Stream.
25-11-24 16:00:26 | DEBUG | Pong получен от Bybit Stream.
25-11-24 16:00:26 | DEBUG | Pong получен от Bybit Stream.
25-11-24 16:00:26 | DEBUG | Pong получен от Bybit Stream.
25-11-24 16:00:26 | DEBUG | Pong получен от Bybit Stream.
25-11-24 16:00:26 | DEBUG | Pong получен от Bybit Stream.
25-11-24 16:00:26 | DEBUG | Pong получен от Bybit Stream.
25-11-24 16:00:26 | DEBUG | Pong получен от Bybit Stream.
25-11-24 16:00:26 | DEBUG | Pong получен от Bybit Stream.
25-11-24 16:00:26 | DEBUG | Pong получен от Bybit Stream.
25-11-24 16:00:26 | DEBUG | Pong получен от Bybit Stream.
25-11-24 16:00:26 | DEBUG | Pong получен от Bybit Stream.
25-11-24 16:00:26 | DEBUG | Pong получен от Bybit Stream.
25-11-24 16:00:26 | DEBUG | Pong получен от Bybit Stream.
25-11-24 16:00:26 | DEBUG | Pong получен от Bybit Stream.
25-11-24 16:00:26 | DEBUG | Pong получен от Bybit Stream.
25-11-24 16:00:26 | DEBUG | Pong получен от Bybit Stream.
25-11-24 16:00:26 | DEBUG | Pong получен от Bybit Stream.
25-11-24 16:00:26 | DEBUG | Pong получен от Bybit Stream.
25-11-24 16:00:26 | DEBUG | Pong получен от Bybit Stream.
25-11-24 16:00:26 | DEBUG | Pong получен от Bybit Stream.
25-11-24 16:00:26 | DEBUG | Pong получен от Bybit Stream.
25-11-24 16:00:26 | DEBUG | Pong получен от Bybit Stream.
25-11-24 16:00:26 | DEBUG | Pong получен от Bybit Stream.
25-11-24 16:00:26 | DEBUG | Pong получен от Bybit Stream.
25-11-24 16:00:26 | DEBUG | Pong получен от Bybit Stream.
25-11-24 16:00:26 | DEBUG | Pong получен от Bybit Stream.
25-11-24 16:00:26 | DEBUG | Pong получен от Bybit Stream.
25-11-24 16:00:26 | DEBUG | Pong получен от Bybit Stream.
25-11-24 16:00:26 | DEBUG | Pong получен от Bybit Stream.
25-11-24 16:00:26 | DEBUG | Pong получен от Bybit Stream.
25-11-24 16:00:27 | DEBUG | Pong получен от Bybit Stream.
25-11-24 16:00:27 | DEBUG | Pong получен от Bybit Stream.
25-11-24 16:00:27 | DEBUG | Pong получен от Bybit Stream.
25-11-24 16:00:27 | DEBUG | Pong получен от Bybit Stream.
25-11-24 16:00:27 | DEBUG | Pong получен от Bybit Stream.
25-11-24 16:00:27 | DEBUG | Pong получен от Bybit Stream.
25-11-24 16:00:46 | DEBUG | Pong получен от Bybit Stream.
25-11-24 16:00:46 | DEBUG | Pong получен от Bybit Stream.
25-11-24 16:00:46 | DEBUG | Pong получен от Bybit Stream.
25-11-24 16:00:46 | DEBUG | Pong получен от Bybit Stream.
25-11-24 16:00:46 | DEBUG | Pong получен от Bybit Stream.
25-11-24 16:00:46 | DEBUG | Pong получен от Bybit Stream.
25-11-24 16:00:46 | DEBUG | Pong получен от Bybit Stream.
25-11-24 16:00:46 | DEBUG | Pong получен от Bybit Stream.
25-11-24 16:00:46 | DEBUG | Pong получен от Bybit Stream.
25-11-24 16:00:46 | DEBUG | Pong получен от Bybit Stream.
25-11-24 16:00:46 | DEBUG | Pong получен от Bybit Stream.
25-11-24 16:00:46 | DEBUG | Pong получен от Bybit Stream.
25-11-24 16:00:46 | DEBUG | Pong получен от Bybit Stream.
25-11-24 16:00:46 | DEBUG | Pong получен от Bybit Stream.
25-11-24 16:00:46 | DEBUG | Pong получен от Bybit Stream.
25-11-24 16:00:46 | DEBUG | Pong получен от Bybit Stream.
25-11-24 16:00:46 | DEBUG | Pong получен от Bybit Stream.
25-11-24 16:00:46 | DEBUG | Pong получен от Bybit Stream.
25-11-24 16:00:46 | DEBUG | Pong получен от Bybit Stream.
25-11-24 16:00:46 | DEBUG | Pong получен от Bybit Stream.
25-11-24 16:00:46 | DEBUG | Pong получен от Bybit Stream.
25-11-24 16:00:46 | DEBUG | Pong получен от Bybit Stream.
25-11-24 16:00:46 | DEBUG | Pong получен от Bybit Stream.
25-11-24 16:00:46 | DEBUG | Pong получен от Bybit Stream.
25-11-24 16:00:46 | DEBUG | Pong получен от Bybit Stream.
25-11-24 16:00:46 | DEBUG | Pong получен от Bybit Stream.
25-11-24 16:00:46 | DEBUG | Pong получен от Bybit Stream.
25-11-24 16:00:46 | DEBUG | Pong получен от Bybit Stream.
25-11-24 16:00:46 | DEBUG | Pong получен от Bybit Stream.
25-11-24 16:00:46 | DEBUG | Pong получен от Bybit Stream.
25-11-24 16:00:46 | DEBUG | Pong получен от Bybit Stream.
25-11-24 16:00:46 | DEBUG | Pong получен от Bybit Stream.
25-11-24 16:00:46 | DEBUG | Pong получен от Bybit Stream.
25-11-24 16:00:46 | DEBUG | Pong получен от Bybit Stream.
25-11-24 16:00:46 | DEBUG | Pong получен от Bybit Stream.
25-11-24 16:00:46 | DEBUG | Pong получен от Bybit Stream.
25-11-24 16:00:46 | DEBUG | Pong получен от Bybit Stream.
25-11-24 16:00:46 | DEBUG | Pong получен от Bybit Stream.
25-11-24 16:00:46 | DEBUG | Pong получен от Bybit Stream.
25-11-24 16:00:46 | DEBUG | Pong получен от Bybit Stream.
25-11-24 16:00:46 | DEBUG | Pong получен от Bybit Stream.
25-11-24 16:00:46 | DEBUG | Pong получен от Bybit Stream.
25-11-24 16:00:46 | DEBUG | Pong получен от Bybit Stream.
25-11-24 16:00:46 | DEBUG | Pong получен от Bybit Stream.
25-11-24 16:00:46 | DEBUG | Pong получен от Bybit Stream.
25-11-24 16:00:46 | DEBUG | Pong получен от Bybit Stream.
25-11-24 16:00:46 | DEBUG | Pong получен от Bybit Stream.
25-11-24 16:00:46 | DEBUG | Pong получен от Bybit Stream.
25-11-24 16:00:46 | DEBUG | Pong получен от Bybit Stream.
25-11-24 16:00:46 | DEBUG | Pong получен от Bybit Stream.
25-11-24 16:00:46 | DEBUG | Pong получен от Bybit Stream.
25-11-24 16:00:46 | DEBUG | Pong получен от Bybit Stream.
25-11-24 16:00:46 | DEBUG | Pong получен от Bybit Stream.
25-11-24 16:00:46 | DEBUG | Pong получен от Bybit Stream.
25-11-24 16:00:46 | DEBUG | Pong получен от Bybit Stream.
25-11-24 16:00:46 | DEBUG | Pong получен от Bybit Stream.
25-11-24 16:00:46 | DEBUG | Pong получен от Bybit Stream.
25-11-24 16:00:46 | DEBUG | Pong получен от Bybit Stream.
25-11-24 16:00:46 | DEBUG | Pong получен от Bybit Stream.
25-11-24 16:00:46 | DEBUG | Pong получен от Bybit Stream.
25-11-24 16:00:46 | DEBUG | Pong получен от Bybit Stream.
25-11-24 16:00:47 | DEBUG | Pong получен от Bybit Stream.
25-11-24 16:00:47 | DEBUG | Pong получен от Bybit Stream.
25-11-24 16:00:47 | DEBUG | Pong получен от Bybit Stream.
25-11-24 16:00:47 | DEBUG | Pong получен от Bybit Stream.
25-11-24 16:00:47 | DEBUG | Pong получен от Bybit Stream.
25-11-24 16:00:47 | DEBUG | Pong получен от Bybit Stream.
25-11-24 16:01:06 | DEBUG | Pong получен от Bybit Stream.
25-11-24 16:01:06 | DEBUG | Pong получен от Bybit Stream.
25-11-24 16:01:06 | DEBUG | Pong получен от Bybit Stream.
25-11-24 16:01:06 | DEBUG | Pong получен от Bybit Stream.
25-11-24 16:01:06 | DEBUG | Pong получен от Bybit Stream.
25-11-24 16:01:06 | DEBUG | Pong получен от Bybit Stream.
25-11-24 16:01:06 | DEBUG | Pong получен от Bybit Stream.
25-11-24 16:01:06 | DEBUG | Pong получен от Bybit Stream.
25-11-24 16:01:06 | DEBUG | Pong получен от Bybit Stream.
25-11-24 16:01:06 | DEBUG | Pong получен от Bybit Stream.
25-11-24 16:01:06 | DEBUG | Pong получен от Bybit Stream.
25-11-24 16:01:06 | DEBUG | Pong получен от Bybit Stream.
25-11-24 16:01:06 | DEBUG | Pong получен от Bybit Stream.
25-11-24 16:01:06 | DEBUG | Pong получен от Bybit Stream.
25-11-24 16:01:06 | DEBUG | Pong получен от Bybit Stream.
25-11-24 16:01:06 | DEBUG | Pong получен от Bybit Stream.
25-11-24 16:01:06 | DEBUG | Pong получен от Bybit Stream.
25-11-24 16:01:06 | DEBUG | Pong получен от Bybit Stream.
25-11-24 16:01:06 | DEBUG | Pong получен от Bybit Stream.
25-11-24 16:01:06 | DEBUG | Pong получен от Bybit Stream.
25-11-24 16:01:06 | DEBUG | Pong получен от Bybit Stream.
25-11-24 16:01:06 | DEBUG | Pong получен от Bybit Stream.
25-11-24 16:01:06 | DEBUG | Pong получен от Bybit Stream.
25-11-24 16:01:06 | DEBUG | Pong получен от Bybit Stream.
25-11-24 16:01:06 | DEBUG | Pong получен от Bybit Stream.
25-11-24 16:01:06 | DEBUG | Pong получен от Bybit Stream.
25-11-24 16:01:06 | DEBUG | Pong получен от Bybit Stream.
25-11-24 16:01:06 | DEBUG | Pong получен от Bybit Stream.
25-11-24 16:01:06 | DEBUG | Pong получен от Bybit Stream.
25-11-24 16:01:06 | DEBUG | Pong получен от Bybit Stream.
25-11-24 16:01:06 | DEBUG | Pong получен от Bybit Stream.
25-11-24 16:01:06 | DEBUG | Pong получен от Bybit Stream.
25-11-24 16:01:06 | DEBUG | Pong получен от Bybit Stream.
25-11-24 16:01:06 | DEBUG | Pong получен от Bybit Stream.
25-11-24 16:01:06 | DEBUG | Pong получен от Bybit Stream.
25-11-24 16:01:06 | DEBUG | Pong получен от Bybit Stream.
25-11-24 16:01:06 | DEBUG | Pong получен от Bybit Stream.
25-11-24 16:01:06 | DEBUG | Pong получен от Bybit Stream.
25-11-24 16:01:06 | DEBUG | Pong получен от Bybit Stream.
25-11-24 16:01:06 | DEBUG | Pong получен от Bybit Stream.
25-11-24 16:01:06 | DEBUG | Pong получен от Bybit Stream.
25-11-24 16:01:06 | DEBUG | Pong получен от Bybit Stream.
25-11-24 16:01:06 | DEBUG | Pong получен от Bybit Stream.
25-11-24 16:01:06 | DEBUG | Pong получен от Bybit Stream.
25-11-24 16:01:06 | DEBUG | Pong получен от Bybit Stream.
25-11-24 16:01:06 | DEBUG | Pong получен от Bybit Stream.
25-11-24 16:01:06 | DEBUG | Pong получен от Bybit Stream.
25-11-24 16:01:06 | DEBUG | Pong получен от Bybit Stream.
25-11-24 16:01:06 | DEBUG | Pong получен от Bybit Stream.
25-11-24 16:01:06 | DEBUG | Pong получен от Bybit Stream.
25-11-24 16:01:06 | DEBUG | Pong получен от Bybit Stream.
25-11-24 16:01:06 | DEBUG | Pong получен от Bybit Stream.
25-11-24 16:01:06 | DEBUG | Pong получен от Bybit Stream.
25-11-24 16:01:06 | DEBUG | Pong получен от Bybit Stream.
25-11-24 16:01:06 | DEBUG | Pong получен от Bybit Stream.
25-11-24 16:01:06 | DEBUG | Pong получен от Bybit Stream.
25-11-24 16:01:06 | DEBUG | Pong получен от Bybit Stream.
25-11-24 16:01:06 | DEBUG | Pong получен от Bybit Stream.
25-11-24 16:01:07 | DEBUG | Pong получен от Bybit Stream.
25-11-24 16:01:07 | DEBUG | Pong получен от Bybit Stream.
25-11-24 16:01:07 | DEBUG | Pong получен от Bybit Stream.
25-11-24 16:01:07 | DEBUG | Pong получен от Bybit Stream.
25-11-24 16:01:07 | DEBUG | Pong получен от Bybit Stream.
25-11-24 16:01:07 | DEBUG | Pong получен от Bybit Stream.
25-11-24 16:01:07 | DEBUG | Pong получен от Bybit Stream.
25-11-24 16:01:07 | DEBUG | Pong получен от Bybit Stream.
25-11-24 16:01:07 | DEBUG | Pong получен от Bybit Stream.
25-11-24 16:01:26 | DEBUG | Pong получен от Bybit Stream.
25-11-24 16:01:26 | DEBUG | Pong получен от Bybit Stream.
25-11-24 16:01:26 | DEBUG | Pong получен от Bybit Stream.
25-11-24 16:01:26 | DEBUG | Pong получен от Bybit Stream.
25-11-24 16:01:26 | DEBUG | Pong получен от Bybit Stream.
25-11-24 16:01:26 | DEBUG | Pong получен от Bybit Stream.
25-11-24 16:01:26 | DEBUG | Pong получен от Bybit Stream.
25-11-24 16:01:26 | DEBUG | Pong получен от Bybit Stream.
25-11-24 16:01:26 | DEBUG | Pong получен от Bybit Stream.
25-11-24 16:01:26 | DEBUG | Pong получен от Bybit Stream.
25-11-24 16:01:26 | DEBUG | Pong получен от Bybit Stream.
25-11-24 16:01:26 | DEBUG | Pong получен от Bybit Stream.
25-11-24 16:01:26 | DEBUG | Pong получен от Bybit Stream.
25-11-24 16:01:26 | DEBUG | Pong получен от Bybit Stream.
25-11-24 16:01:26 | DEBUG | Pong получен от Bybit Stream.
25-11-24 16:01:26 | DEBUG | Pong получен от Bybit Stream.
25-11-24 16:01:26 | DEBUG | Pong получен от Bybit Stream.
25-11-24 16:01:26 | DEBUG | Pong получен от Bybit Stream.
25-11-24 16:01:26 | DEBUG | Pong получен от Bybit Stream.
25-11-24 16:01:26 | DEBUG | Pong получен от Bybit Stream.
25-11-24 16:01:26 | DEBUG | Pong получен от Bybit Stream.
25-11-24 16:01:26 | DEBUG | Pong получен от Bybit Stream.
25-11-24 16:01:26 | DEBUG | Pong получен от Bybit Stream.
25-11-24 16:01:26 | DEBUG | Pong получен от Bybit Stream.
25-11-24 16:01:26 | DEBUG | Pong получен от Bybit Stream.
25-11-24 16:01:26 | DEBUG | Pong получен от Bybit Stream.
25-11-24 16:01:26 | DEBUG | Pong получен от Bybit Stream.
25-11-24 16:01:26 | DEBUG | Pong получен от Bybit Stream.
25-11-24 16:01:26 | DEBUG | Pong получен от Bybit Stream.
25-11-24 16:01:26 | DEBUG | Pong получен от Bybit Stream.
25-11-24 16:01:26 | DEBUG | Pong получен от Bybit Stream.
25-11-24 16:01:26 | DEBUG | Pong получен от Bybit Stream.
25-11-24 16:01:26 | DEBUG | Pong получен от Bybit Stream.
25-11-24 16:01:26 | DEBUG | Pong получен от Bybit Stream.
25-11-24 16:01:26 | DEBUG | Pong получен от Bybit Stream.
25-11-24 16:01:26 | DEBUG | Pong получен от Bybit Stream.
25-11-24 16:01:26 | DEBUG | Pong получен от Bybit Stream.
25-11-24 16:01:26 | DEBUG | Pong получен от Bybit Stream.
25-11-24 16:01:26 | DEBUG | Pong получен от Bybit Stream.
25-11-24 16:01:26 | DEBUG | Pong получен от Bybit Stream.
25-11-24 16:01:26 | DEBUG | Pong получен от Bybit Stream.
25-11-24 16:01:26 | DEBUG | Pong получен от Bybit Stream.
25-11-24 16:01:26 | DEBUG | Pong получен от Bybit Stream.
25-11-24 16:01:26 | DEBUG | Pong получен от Bybit Stream.
25-11-24 16:01:26 | DEBUG | Pong получен от Bybit Stream.
25-11-24 16:01:26 | DEBUG | Pong получен от Bybit Stream.
25-11-24 16:01:26 | DEBUG | Pong получен от Bybit Stream.
25-11-24 16:01:26 | DEBUG | Pong получен от Bybit Stream.
25-11-24 16:01:26 | DEBUG | Pong получен от Bybit Stream.
25-11-24 16:01:26 | DEBUG | Pong получен от Bybit Stream.
25-11-24 16:01:26 | DEBUG | Pong получен от Bybit Stream.
25-11-24 16:01:26 | DEBUG | Pong получен от Bybit Stream.
25-11-24 16:01:26 | DEBUG | Pong получен от Bybit Stream.
25-11-24 16:01:26 | DEBUG | Pong получен от Bybit Stream.
25-11-24 16:01:26 | DEBUG | Pong получен от Bybit Stream.
25-11-24 16:01:27 | DEBUG | Pong получен от Bybit Stream.
25-11-24 16:01:27 | DEBUG | Pong получен от Bybit Stream.
25-11-24 16:01:27 | DEBUG | Pong получен от Bybit Stream.
25-11-24 16:01:27 | DEBUG | Pong получен от Bybit Stream.
25-11-24 16:01:27 | DEBUG | Pong получен от Bybit Stream.
25-11-24 16:01:27 | DEBUG | Pong получен от Bybit Stream.
25-11-24 16:01:27 | DEBUG | Pong получен от Bybit Stream.
25-11-24 16:01:27 | DEBUG | Pong получен от Bybit Stream.
25-11-24 16:01:27 | DEBUG | Pong получен от Bybit Stream.
25-11-24 16:01:27 | DEBUG | Pong получен от Bybit Stream.
25-11-24 16:01:27 | DEBUG | Pong получен от Bybit Stream.
25-11-24 16:01:27 | DEBUG | Pong получен от Bybit Stream.
25-11-24 16:01:46 | DEBUG | Pong получен от Bybit Stream.
25-11-24 16:01:46 | DEBUG | Pong получен от Bybit Stream.
25-11-24 16:01:46 | DEBUG | Pong получен от Bybit Stream.
25-11-24 16:01:46 | DEBUG | Pong получен от Bybit Stream.
25-11-24 16:01:46 | DEBUG | Pong получен от Bybit Stream.
25-11-24 16:01:46 | DEBUG | Pong получен от Bybit Stream.
25-11-24 16:01:46 | DEBUG | Pong получен от Bybit Stream.
25-11-24 16:01:46 | DEBUG | Pong получен от Bybit Stream.
25-11-24 16:01:46 | DEBUG | Pong получен от Bybit Stream.
25-11-24 16:01:46 | DEBUG | Pong получен от Bybit Stream.
25-11-24 16:01:46 | DEBUG | Pong получен от Bybit Stream.
25-11-24 16:01:46 | DEBUG | Pong получен от Bybit Stream.
25-11-24 16:01:46 | DEBUG | Pong получен от Bybit Stream.
25-11-24 16:01:46 | DEBUG | Pong получен от Bybit Stream.
25-11-24 16:01:46 | DEBUG | Pong получен от Bybit Stream.
25-11-24 16:01:46 | DEBUG | Pong получен от Bybit Stream.
25-11-24 16:01:46 | DEBUG | Pong получен от Bybit Stream.
25-11-24 16:01:46 | DEBUG | Pong получен от Bybit Stream.
25-11-24 16:01:46 | DEBUG | Pong получен от Bybit Stream.
25-11-24 16:01:46 | DEBUG | Pong получен от Bybit Stream.
25-11-24 16:01:46 | DEBUG | Pong получен от Bybit Stream.
25-11-24 16:01:46 | DEBUG | Pong получен от Bybit Stream.
25-11-24 16:01:46 | DEBUG | Pong получен от Bybit Stream.
25-11-24 16:01:46 | DEBUG | Pong получен от Bybit Stream.
25-11-24 16:01:46 | DEBUG | Pong получен от Bybit Stream.
25-11-24 16:01:46 | DEBUG | Pong получен от Bybit Stream.
25-11-24 16:01:46 | DEBUG | Pong получен от Bybit Stream.
25-11-24 16:01:46 | DEBUG | Pong получен от Bybit Stream.
25-11-24 16:01:46 | DEBUG | Pong получен от Bybit Stream.
25-11-24 16:01:46 | DEBUG | Pong получен от Bybit Stream.
25-11-24 16:01:46 | DEBUG | Pong получен от Bybit Stream.
25-11-24 16:01:46 | DEBUG | Pong получен от Bybit Stream.
25-11-24 16:01:46 | DEBUG | Pong получен от Bybit Stream.
25-11-24 16:01:46 | DEBUG | Pong получен от Bybit Stream.
25-11-24 16:01:46 | DEBUG | Pong получен от Bybit Stream.
25-11-24 16:01:46 | DEBUG | Pong получен от Bybit Stream.
25-11-24 16:01:46 | DEBUG | Pong получен от Bybit Stream.
25-11-24 16:01:46 | DEBUG | Pong получен от Bybit Stream.
25-11-24 16:01:46 | DEBUG | Pong получен от Bybit Stream.
25-11-24 16:01:46 | DEBUG | Pong получен от Bybit Stream.
25-11-24 16:01:46 | DEBUG | Pong получен от Bybit Stream.
25-11-24 16:01:46 | DEBUG | Pong получен от Bybit Stream.
25-11-24 16:01:46 | DEBUG | Pong получен от Bybit Stream.
25-11-24 16:01:46 | DEBUG | Pong получен от Bybit Stream.
25-11-24 16:01:46 | DEBUG | Pong получен от Bybit Stream.
25-11-24 16:01:46 | DEBUG | Pong получен от Bybit Stream.
25-11-24 16:01:46 | DEBUG | Pong получен от Bybit Stream.
25-11-24 16:01:46 | DEBUG | Pong получен от Bybit Stream.
25-11-24 16:01:46 | DEBUG | Pong получен от Bybit Stream.
25-11-24 16:01:46 | DEBUG | Pong получен от Bybit Stream.
25-11-24 16:01:46 | DEBUG | Pong получен от Bybit Stream.
25-11-24 16:01:46 | DEBUG | Pong получен от Bybit Stream.
25-11-24 16:01:46 | DEBUG | Pong получен от Bybit Stream.
25-11-24 16:01:46 | DEBUG | Pong получен от Bybit Stream.
25-11-24 16:01:46 | DEBUG | Pong получен от Bybit Stream.
25-11-24 16:01:47 | DEBUG | Pong получен от Bybit Stream.
25-11-24 16:01:47 | DEBUG | Pong получен от Bybit Stream.
25-11-24 16:01:47 | DEBUG | Pong получен от Bybit Stream.
25-11-24 16:01:47 | DEBUG | Pong получен от Bybit Stream.
25-11-24 16:01:47 | DEBUG | Pong получен от Bybit Stream.
25-11-24 16:01:47 | DEBUG | Pong получен от Bybit Stream.
25-11-24 16:01:47 | DEBUG | Pong получен от Bybit Stream.
25-11-24 16:01:47 | DEBUG | Pong получен от Bybit Stream.
25-11-24 16:01:47 | DEBUG | Pong получен от Bybit Stream.
25-11-24 16:01:47 | DEBUG | Pong получен от Bybit Stream.
25-11-24 16:01:47 | DEBUG | Pong получен от Bybit Stream.
25-11-24 16:01:47 | DEBUG | Pong получен от Bybit Stream.
25-11-24 16:02:06 | DEBUG | Pong получен от Bybit Stream.
25-11-24 16:02:06 | DEBUG | Pong получен от Bybit Stream.
25-11-24 16:02:06 | DEBUG | Pong получен от Bybit Stream.
25-11-24 16:02:06 | DEBUG | Pong получен от Bybit Stream.
25-11-24 16:02:06 | DEBUG | Pong получен от Bybit Stream.
25-11-24 16:02:06 | DEBUG | Pong получен от Bybit Stream.
25-11-24 16:02:06 | DEBUG | Pong получен от Bybit Stream.
25-11-24 16:02:06 | DEBUG | Pong получен от Bybit Stream.
25-11-24 16:02:06 | DEBUG | Pong получен от Bybit Stream.
25-11-24 16:02:06 | DEBUG | Pong получен от Bybit Stream.
25-11-24 16:02:06 | DEBUG | Pong получен от Bybit Stream.
25-11-24 16:02:06 | DEBUG | Pong получен от Bybit Stream.
25-11-24 16:02:06 | DEBUG | Pong получен от Bybit Stream.
25-11-24 16:02:06 | DEBUG | Pong получен от Bybit Stream.
25-11-24 16:02:06 | DEBUG | Pong получен от Bybit Stream.
25-11-24 16:02:06 | DEBUG | Pong получен от Bybit Stream.
25-11-24 16:02:06 | DEBUG | Pong получен от Bybit Stream.
25-11-24 16:02:06 | DEBUG | Pong получен от Bybit Stream.
25-11-24 16:02:06 | DEBUG | Pong получен от Bybit Stream.
25-11-24 16:02:06 | DEBUG | Pong получен от Bybit Stream.
25-11-24 16:02:06 | DEBUG | Pong получен от Bybit Stream.
25-11-24 16:02:06 | DEBUG | Pong получен от Bybit Stream.
25-11-24 16:02:06 | DEBUG | Pong получен от Bybit Stream.
25-11-24 16:02:06 | DEBUG | Pong получен от Bybit Stream.
25-11-24 16:02:06 | DEBUG | Pong получен от Bybit Stream.
25-11-24 16:02:06 | DEBUG | Pong получен от Bybit Stream.
25-11-24 16:02:06 | DEBUG | Pong получен от Bybit Stream.
25-11-24 16:02:06 | DEBUG | Pong получен от Bybit Stream.
25-11-24 16:02:06 | DEBUG | Pong получен от Bybit Stream.
25-11-24 16:02:06 | DEBUG | Pong получен от Bybit Stream.
25-11-24 16:02:06 | DEBUG | Pong получен от Bybit Stream.
25-11-24 16:02:06 | DEBUG | Pong получен от Bybit Stream.
25-11-24 16:02:06 | DEBUG | Pong получен от Bybit Stream.
25-11-24 16:02:06 | DEBUG | Pong получен от Bybit Stream.
25-11-24 16:02:06 | DEBUG | Pong получен от Bybit Stream.
25-11-24 16:02:06 | DEBUG | Pong получен от Bybit Stream.
25-11-24 16:02:06 | DEBUG | Pong получен от Bybit Stream.
25-11-24 16:02:06 | DEBUG | Pong получен от Bybit Stream.
25-11-24 16:02:06 | DEBUG | Pong получен от Bybit Stream.
25-11-24 16:02:06 | DEBUG | Pong получен от Bybit Stream.
25-11-24 16:02:06 | DEBUG | Pong получен от Bybit Stream.
25-11-24 16:02:06 | DEBUG | Pong получен от Bybit Stream.
25-11-24 16:02:06 | DEBUG | Pong получен от Bybit Stream.
25-11-24 16:02:06 | DEBUG | Pong получен от Bybit Stream.
25-11-24 16:02:06 | DEBUG | Pong получен от Bybit Stream.
25-11-24 16:02:06 | DEBUG | Pong получен от Bybit Stream.
25-11-24 16:02:06 | DEBUG | Pong получен от Bybit Stream.
25-11-24 16:02:06 | DEBUG | Pong получен от Bybit Stream.
25-11-24 16:02:06 | DEBUG | Pong получен от Bybit Stream.
25-11-24 16:02:06 | DEBUG | Pong получен от Bybit Stream.
25-11-24 16:02:06 | DEBUG | Pong получен от Bybit Stream.
25-11-24 16:02:06 | DEBUG | Pong получен от Bybit Stream.
25-11-24 16:02:06 | DEBUG | Pong получен от Bybit Stream.
25-11-24 16:02:07 | DEBUG | Pong получен от Bybit Stream.
25-11-24 16:02:07 | DEBUG | Pong получен от Bybit Stream.
25-11-24 16:02:07 | DEBUG | Pong получен от Bybit Stream.
25-11-24 16:02:07 | DEBUG | Pong получен от Bybit Stream.
25-11-24 16:02:07 | DEBUG | Pong получен от Bybit Stream.
25-11-24 16:02:07 | DEBUG | Pong получен от Bybit Stream.
25-11-24 16:02:07 | DEBUG | Pong получен от Bybit Stream.
25-11-24 16:02:07 | DEBUG | Pong получен от Bybit Stream.
25-11-24 16:02:07 | DEBUG | Pong получен от Bybit Stream.
25-11-24 16:02:07 | DEBUG | Pong получен от Bybit Stream.
25-11-24 16:02:07 | DEBUG | Pong получен от Bybit Stream.
25-11-24 16:02:07 | DEBUG | Pong получен от Bybit Stream.
25-11-24 16:02:07 | DEBUG | Pong получен от Bybit Stream.
25-11-24 16:02:07 | DEBUG | Pong получен от Bybit Stream.
25-11-24 16:02:26 | DEBUG | Pong получен от Bybit Stream.
25-11-24 16:02:26 | DEBUG | Pong получен от Bybit Stream.
25-11-24 16:02:26 | DEBUG | Pong получен от Bybit Stream.
25-11-24 16:02:26 | DEBUG | Pong получен от Bybit Stream.
25-11-24 16:02:26 | DEBUG | Pong получен от Bybit Stream.
25-11-24 16:02:26 | DEBUG | Pong получен от Bybit Stream.
25-11-24 16:02:26 | DEBUG | Pong получен от Bybit Stream.
25-11-24 16:02:26 | DEBUG | Pong получен от Bybit Stream.
25-11-24 16:02:26 | DEBUG | Pong получен от Bybit Stream.
25-11-24 16:02:26 | DEBUG | Pong получен от Bybit Stream.
25-11-24 16:02:26 | DEBUG | Pong получен от Bybit Stream.
25-11-24 16:02:26 | DEBUG | Pong получен от Bybit Stream.
25-11-24 16:02:26 | DEBUG | Pong получен от Bybit Stream.
25-11-24 16:02:26 | DEBUG | Pong получен от Bybit Stream.
25-11-24 16:02:26 | DEBUG | Pong получен от Bybit Stream.
25-11-24 16:02:26 | DEBUG | Pong получен от Bybit Stream.
25-11-24 16:02:26 | DEBUG | Pong получен от Bybit Stream.
25-11-24 16:02:26 | DEBUG | Pong получен от Bybit Stream.
25-11-24 16:02:26 | DEBUG | Pong получен от Bybit Stream.
25-11-24 16:02:26 | DEBUG | Pong получен от Bybit Stream.
25-11-24 16:02:26 | DEBUG | Pong получен от Bybit Stream.
25-11-24 16:02:26 | DEBUG | Pong получен от Bybit Stream.
25-11-24 16:02:26 | DEBUG | Pong получен от Bybit Stream.
25-11-24 16:02:26 | DEBUG | Pong получен от Bybit Stream.
25-11-24 16:02:26 | DEBUG | Pong получен от Bybit Stream.
25-11-24 16:02:26 | DEBUG | Pong получен от Bybit Stream.
25-11-24 16:02:26 | DEBUG | Pong получен от Bybit Stream.
25-11-24 16:02:26 | DEBUG | Pong получен от Bybit Stream.
25-11-24 16:02:26 | DEBUG | Pong получен от Bybit Stream.
25-11-24 16:02:26 | DEBUG | Pong получен от Bybit Stream.
25-11-24 16:02:26 | DEBUG | Pong получен от Bybit Stream.
25-11-24 16:02:26 | DEBUG | Pong получен от Bybit Stream.
25-11-24 16:02:26 | DEBUG | Pong получен от Bybit Stream.
25-11-24 16:02:26 | DEBUG | Pong получен от Bybit Stream.
25-11-24 16:02:26 | DEBUG | Pong получен от Bybit Stream.
25-11-24 16:02:26 | DEBUG | Pong получен от Bybit Stream.
25-11-24 16:02:26 | DEBUG | Pong получен от Bybit Stream.
25-11-24 16:02:26 | DEBUG | Pong получен от Bybit Stream.
25-11-24 16:02:26 | DEBUG | Pong получен от Bybit Stream.
25-11-24 16:02:26 | DEBUG | Pong получен от Bybit Stream.
25-11-24 16:02:26 | DEBUG | Pong получен от Bybit Stream.
25-11-24 16:02:26 | DEBUG | Pong получен от Bybit Stream.
25-11-24 16:02:26 | DEBUG | Pong получен от Bybit Stream.
25-11-24 16:02:26 | DEBUG | Pong получен от Bybit Stream.
25-11-24 16:02:26 | DEBUG | Pong получен от Bybit Stream.
25-11-24 16:02:26 | DEBUG | Pong получен от Bybit Stream.
25-11-24 16:02:26 | DEBUG | Pong получен от Bybit Stream.
25-11-24 16:02:26 | DEBUG | Pong получен от Bybit Stream.
25-11-24 16:02:26 | DEBUG | Pong получен от Bybit Stream.
25-11-24 16:02:26 | DEBUG | Pong получен от Bybit Stream.
25-11-24 16:02:26 | DEBUG | Pong получен от Bybit Stream.
25-11-24 16:02:26 | DEBUG | Pong получен от Bybit Stream.
25-11-24 16:02:27 | DEBUG | Pong получен от Bybit Stream.
25-11-24 16:02:27 | DEBUG | Pong получен от Bybit Stream.
25-11-24 16:02:27 | DEBUG | Pong получен от Bybit Stream.
25-11-24 16:02:27 | DEBUG | Pong получен от Bybit Stream.
25-11-24 16:02:27 | DEBUG | Pong получен от Bybit Stream.
25-11-24 16:02:27 | DEBUG | Pong получен от Bybit Stream.
25-11-24 16:02:27 | DEBUG | Pong получен от Bybit Stream.
25-11-24 16:02:27 | DEBUG | Pong получен от Bybit Stream.
25-11-24 16:02:27 | DEBUG | Pong получен от Bybit Stream.
25-11-24 16:02:27 | DEBUG | Pong получен от Bybit Stream.
25-11-24 16:02:27 | DEBUG | Pong получен от Bybit Stream.
25-11-24 16:02:27 | DEBUG | Pong получен от Bybit Stream.
25-11-24 16:02:27 | DEBUG | Pong получен от Bybit Stream.
25-11-24 16:02:27 | DEBUG | Pong получен от Bybit Stream.
25-11-24 16:02:27 | DEBUG | Pong получен от Bybit Stream.
25-11-24 16:02:46 | DEBUG | Pong получен от Bybit Stream.
25-11-24 16:02:46 | DEBUG | Pong получен от Bybit Stream.
25-11-24 16:02:46 | DEBUG | Pong получен от Bybit Stream.
25-11-24 16:02:46 | DEBUG | Pong получен от Bybit Stream.
25-11-24 16:02:46 | DEBUG | Pong получен от Bybit Stream.
25-11-24 16:02:46 | DEBUG | Pong получен от Bybit Stream.
25-11-24 16:02:46 | DEBUG | Pong получен от Bybit Stream.
25-11-24 16:02:46 | DEBUG | Pong получен от Bybit Stream.
25-11-24 16:02:46 | DEBUG | Pong получен от Bybit Stream.
25-11-24 16:02:46 | DEBUG | Pong получен от Bybit Stream.
25-11-24 16:02:46 | DEBUG | Pong получен от Bybit Stream.
25-11-24 16:02:46 | DEBUG | Pong получен от Bybit Stream.
25-11-24 16:02:46 | DEBUG | Pong получен от Bybit Stream.
25-11-24 16:02:46 | DEBUG | Pong получен от Bybit Stream.
25-11-24 16:02:46 | DEBUG | Pong получен от Bybit Stream.
25-11-24 16:02:46 | DEBUG | Pong получен от Bybit Stream.
25-11-24 16:02:46 | DEBUG | Pong получен от Bybit Stream.
25-11-24 16:02:46 | DEBUG | Pong получен от Bybit Stream.
25-11-24 16:02:46 | DEBUG | Pong получен от Bybit Stream.
25-11-24 16:02:46 | DEBUG | Pong получен от Bybit Stream.
25-11-24 16:02:46 | DEBUG | Pong получен от Bybit Stream.
25-11-24 16:02:46 | DEBUG | Pong получен от Bybit Stream.
25-11-24 16:02:46 | DEBUG | Pong получен от Bybit Stream.
25-11-24 16:02:46 | DEBUG | Pong получен от Bybit Stream.
25-11-24 16:02:46 | DEBUG | Pong получен от Bybit Stream.
25-11-24 16:02:46 | DEBUG | Pong получен от Bybit Stream.
25-11-24 16:02:46 | DEBUG | Pong получен от Bybit Stream.
25-11-24 16:02:46 | DEBUG | Pong получен от Bybit Stream.
25-11-24 16:02:46 | DEBUG | Pong получен от Bybit Stream.
25-11-24 16:02:46 | DEBUG | Pong получен от Bybit Stream.
25-11-24 16:02:46 | DEBUG | Pong получен от Bybit Stream.
25-11-24 16:02:46 | DEBUG | Pong получен от Bybit Stream.
25-11-24 16:02:46 | DEBUG | Pong получен от Bybit Stream.
25-11-24 16:02:46 | DEBUG | Pong получен от Bybit Stream.
25-11-24 16:02:46 | DEBUG | Pong получен от Bybit Stream.
25-11-24 16:02:46 | DEBUG | Pong получен от Bybit Stream.
25-11-24 16:02:46 | DEBUG | Pong получен от Bybit Stream.
25-11-24 16:02:46 | DEBUG | Pong получен от Bybit Stream.
25-11-24 16:02:46 | DEBUG | Pong получен от Bybit Stream.
25-11-24 16:02:46 | DEBUG | Pong получен от Bybit Stream.
25-11-24 16:02:46 | DEBUG | Pong получен от Bybit Stream.
25-11-24 16:02:46 | DEBUG | Pong получен от Bybit Stream.
25-11-24 16:02:46 | DEBUG | Pong получен от Bybit Stream.
25-11-24 16:02:46 | DEBUG | Pong получен от Bybit Stream.
25-11-24 16:02:46 | DEBUG | Pong получен от Bybit Stream.
25-11-24 16:02:46 | DEBUG | Pong получен от Bybit Stream.
25-11-24 16:02:46 | DEBUG | Pong получен от Bybit Stream.
25-11-24 16:02:46 | DEBUG | Pong получен от Bybit Stream.
25-11-24 16:02:46 | DEBUG | Pong получен от Bybit Stream.
25-11-24 16:02:46 | DEBUG | Pong получен от Bybit Stream.
25-11-24 16:02:46 | DEBUG | Pong получен от Bybit Stream.
25-11-24 16:02:46 | DEBUG | Pong получен от Bybit Stream.
25-11-24 16:02:46 | DEBUG | Pong получен от Bybit Stream.
25-11-24 16:02:47 | DEBUG | Pong получен от Bybit Stream.
25-11-24 16:02:47 | DEBUG | Pong получен от Bybit Stream.
25-11-24 16:02:47 | DEBUG | Pong получен от Bybit Stream.
25-11-24 16:02:47 | DEBUG | Pong получен от Bybit Stream.
25-11-24 16:02:47 | DEBUG | Pong получен от Bybit Stream.
25-11-24 16:02:47 | DEBUG | Pong получен от Bybit Stream.
25-11-24 16:02:47 | DEBUG | Pong получен от Bybit Stream.
25-11-24 16:02:47 | DEBUG | Pong получен от Bybit Stream.
25-11-24 16:02:47 | DEBUG | Pong получен от Bybit Stream.
25-11-24 16:02:47 | DEBUG | Pong получен от Bybit Stream.
25-11-24 16:02:47 | DEBUG | Pong получен от Bybit Stream.
25-11-24 16:02:47 | DEBUG | Pong получен от Bybit Stream.
25-11-24 16:02:47 | DEBUG | Pong получен от Bybit Stream.
25-11-24 16:02:47 | DEBUG | Pong получен от Bybit Stream.
25-11-24 16:03:06 | DEBUG | Pong получен от Bybit Stream.
25-11-24 16:03:06 | DEBUG | Pong получен от Bybit Stream.
25-11-24 16:03:06 | DEBUG | Pong получен от Bybit Stream.
25-11-24 16:03:06 | DEBUG | Pong получен от Bybit Stream.
25-11-24 16:03:06 | DEBUG | Pong получен от Bybit Stream.
25-11-24 16:03:06 | DEBUG | Pong получен от Bybit Stream.
25-11-24 16:03:06 | DEBUG | Pong получен от Bybit Stream.
25-11-24 16:03:06 | DEBUG | Pong получен от Bybit Stream.
25-11-24 16:03:06 | DEBUG | Pong получен от Bybit Stream.
25-11-24 16:03:06 | DEBUG | Pong получен от Bybit Stream.
25-11-24 16:03:06 | DEBUG | Pong получен от Bybit Stream.
25-11-24 16:03:06 | DEBUG | Pong получен от Bybit Stream.
25-11-24 16:03:06 | DEBUG | Pong получен от Bybit Stream.
25-11-24 16:03:06 | DEBUG | Pong получен от Bybit Stream.
25-11-24 16:03:06 | DEBUG | Pong получен от Bybit Stream.
25-11-24 16:03:06 | DEBUG | Pong получен от Bybit Stream.
25-11-24 16:03:06 | DEBUG | Pong получен от Bybit Stream.
25-11-24 16:03:06 | DEBUG | Pong получен от Bybit Stream.
25-11-24 16:03:06 | DEBUG | Pong получен от Bybit Stream.
25-11-24 16:03:06 | DEBUG | Pong получен от Bybit Stream.
25-11-24 16:03:06 | DEBUG | Pong получен от Bybit Stream.
25-11-24 16:03:06 | DEBUG | Pong получен от Bybit Stream.
25-11-24 16:03:06 | DEBUG | Pong получен от Bybit Stream.
25-11-24 16:03:06 | DEBUG | Pong получен от Bybit Stream.
25-11-24 16:03:06 | DEBUG | Pong получен от Bybit Stream.
25-11-24 16:03:06 | DEBUG | Pong получен от Bybit Stream.
25-11-24 16:03:06 | DEBUG | Pong получен от Bybit Stream.
25-11-24 16:03:06 | DEBUG | Pong получен от Bybit Stream.
25-11-24 16:03:06 | DEBUG | Pong получен от Bybit Stream.
25-11-24 16:03:06 | DEBUG | Pong получен от Bybit Stream.
25-11-24 16:03:06 | DEBUG | Pong получен от Bybit Stream.
25-11-24 16:03:06 | DEBUG | Pong получен от Bybit Stream.
25-11-24 16:03:06 | DEBUG | Pong получен от Bybit Stream.
25-11-24 16:03:06 | DEBUG | Pong получен от Bybit Stream.
25-11-24 16:03:06 | DEBUG | Pong получен от Bybit Stream.
25-11-24 16:03:06 | DEBUG | Pong получен от Bybit Stream.
25-11-24 16:03:06 | DEBUG | Pong получен от Bybit Stream.
25-11-24 16:03:06 | DEBUG | Pong получен от Bybit Stream.
25-11-24 16:03:06 | DEBUG | Pong получен от Bybit Stream.
25-11-24 16:03:06 | DEBUG | Pong получен от Bybit Stream.
25-11-24 16:03:06 | DEBUG | Pong получен от Bybit Stream.
25-11-24 16:03:06 | DEBUG | Pong получен от Bybit Stream.
25-11-24 16:03:06 | DEBUG | Pong получен от Bybit Stream.
25-11-24 16:03:06 | DEBUG | Pong получен от Bybit Stream.
25-11-24 16:03:06 | DEBUG | Pong получен от Bybit Stream.
25-11-24 16:03:06 | DEBUG | Pong получен от Bybit Stream.
25-11-24 16:03:06 | DEBUG | Pong получен от Bybit Stream.
25-11-24 16:03:06 | DEBUG | Pong получен от Bybit Stream.
25-11-24 16:03:06 | DEBUG | Pong получен от Bybit Stream.
25-11-24 16:03:06 | DEBUG | Pong получен от Bybit Stream.
25-11-24 16:03:07 | DEBUG | Pong получен от Bybit Stream.
25-11-24 16:03:07 | DEBUG | Pong получен от Bybit Stream.
25-11-24 16:03:07 | DEBUG | Pong получен от Bybit Stream.
25-11-24 16:03:07 | DEBUG | Pong получен от Bybit Stream.
25-11-24 16:03:07 | DEBUG | Pong получен от Bybit Stream.
25-11-24 16:03:07 | DEBUG | Pong получен от Bybit Stream.
25-11-24 16:03:07 | DEBUG | Pong получен от Bybit Stream.
25-11-24 16:03:07 | DEBUG | Pong получен от Bybit Stream.
25-11-24 16:03:07 | DEBUG | Pong получен от Bybit Stream.
25-11-24 16:03:07 | DEBUG | Pong получен от Bybit Stream.
25-11-24 16:03:07 | DEBUG | Pong получен от Bybit Stream.
25-11-24 16:03:07 | DEBUG | Pong получен от Bybit Stream.
25-11-24 16:03:07 | DEBUG | Pong получен от Bybit Stream.
25-11-24 16:03:07 | DEBUG | Pong получен от Bybit Stream.
25-11-24 16:03:07 | DEBUG | Pong получен от Bybit Stream.
25-11-24 16:03:07 | DEBUG | Pong получен от Bybit Stream.
25-11-24 16:03:07 | DEBUG | Pong получен от Bybit Stream.
25-11-24 16:03:26 | DEBUG | Pong получен от Bybit Stream.
25-11-24 16:03:26 | DEBUG | Pong получен от Bybit Stream.
25-11-24 16:03:26 | DEBUG | Pong получен от Bybit Stream.
25-11-24 16:03:26 | DEBUG | Pong получен от Bybit Stream.
25-11-24 16:03:26 | DEBUG | Pong получен от Bybit Stream.
25-11-24 16:03:26 | DEBUG | Pong получен от Bybit Stream.
25-11-24 16:03:26 | DEBUG | Pong получен от Bybit Stream.
25-11-24 16:03:26 | DEBUG | Pong получен от Bybit Stream.
25-11-24 16:03:26 | DEBUG | Pong получен от Bybit Stream.
25-11-24 16:03:26 | DEBUG | Pong получен от Bybit Stream.
25-11-24 16:03:26 | DEBUG | Pong получен от Bybit Stream.
25-11-24 16:03:26 | DEBUG | Pong получен от Bybit Stream.
25-11-24 16:03:26 | DEBUG | Pong получен от Bybit Stream.
25-11-24 16:03:26 | DEBUG | Pong получен от Bybit Stream.
25-11-24 16:03:26 | DEBUG | Pong получен от Bybit Stream.
25-11-24 16:03:26 | DEBUG | Pong получен от Bybit Stream.
25-11-24 16:03:26 | DEBUG | Pong получен от Bybit Stream.
25-11-24 16:03:26 | DEBUG | Pong получен от Bybit Stream.
25-11-24 16:03:26 | DEBUG | Pong получен от Bybit Stream.
25-11-24 16:03:26 | DEBUG | Pong получен от Bybit Stream.
25-11-24 16:03:26 | DEBUG | Pong получен от Bybit Stream.
25-11-24 16:03:26 | DEBUG | Pong получен от Bybit Stream.
25-11-24 16:03:26 | DEBUG | Pong получен от Bybit Stream.
25-11-24 16:03:26 | DEBUG | Pong получен от Bybit Stream.
25-11-24 16:03:26 | DEBUG | Pong получен от Bybit Stream.
25-11-24 16:03:26 | DEBUG | Pong получен от Bybit Stream.
25-11-24 16:03:26 | DEBUG | Pong получен от Bybit Stream.
25-11-24 16:03:26 | DEBUG | Pong получен от Bybit Stream.
25-11-24 16:03:26 | DEBUG | Pong получен от Bybit Stream.
25-11-24 16:03:26 | DEBUG | Pong получен от Bybit Stream.
25-11-24 16:03:26 | DEBUG | Pong получен от Bybit Stream.
25-11-24 16:03:26 | DEBUG | Pong получен от Bybit Stream.
25-11-24 16:03:26 | DEBUG | Pong получен от Bybit Stream.
25-11-24 16:03:26 | DEBUG | Pong получен от Bybit Stream.
25-11-24 16:03:26 | DEBUG | Pong получен от Bybit Stream.
25-11-24 16:03:26 | DEBUG | Pong получен от Bybit Stream.
25-11-24 16:03:26 | DEBUG | Pong получен от Bybit Stream.
25-11-24 16:03:26 | DEBUG | Pong получен от Bybit Stream.
25-11-24 16:03:26 | DEBUG | Pong получен от Bybit Stream.
25-11-24 16:03:26 | DEBUG | Pong получен от Bybit Stream.
25-11-24 16:03:26 | DEBUG | Pong получен от Bybit Stream.
25-11-24 16:03:26 | DEBUG | Pong получен от Bybit Stream.
25-11-24 16:03:26 | DEBUG | Pong получен от Bybit Stream.
25-11-24 16:03:26 | DEBUG | Pong получен от Bybit Stream.
25-11-24 16:03:26 | DEBUG | Pong получен от Bybit Stream.
25-11-24 16:03:26 | DEBUG | Pong получен от Bybit Stream.
25-11-24 16:03:26 | DEBUG | Pong получен от Bybit Stream.
25-11-24 16:03:26 | DEBUG | Pong получен от Bybit Stream.
25-11-24 16:03:26 | DEBUG | Pong получен от Bybit Stream.
25-11-24 16:03:26 | DEBUG | Pong получен от Bybit Stream.
25-11-24 16:03:27 | DEBUG | Pong получен от Bybit Stream.
25-11-24 16:03:27 | DEBUG | Pong получен от Bybit Stream.
25-11-24 16:03:27 | DEBUG | Pong получен от Bybit Stream.
25-11-24 16:03:27 | DEBUG | Pong получен от Bybit Stream.
25-11-24 16:03:27 | DEBUG | Pong получен от Bybit Stream.
25-11-24 16:03:27 | DEBUG | Pong получен от Bybit Stream.
25-11-24 16:03:27 | DEBUG | Pong получен от Bybit Stream.
25-11-24 16:03:27 | DEBUG | Pong получен от Bybit Stream.
25-11-24 16:03:27 | DEBUG | Pong получен от Bybit Stream.
25-11-24 16:03:27 | DEBUG | Pong получен от Bybit Stream.
25-11-24 16:03:27 | DEBUG | Pong получен от Bybit Stream.
25-11-24 16:03:27 | DEBUG | Pong получен от Bybit Stream.
25-11-24 16:03:27 | DEBUG | Pong получен от Bybit Stream.
25-11-24 16:03:27 | DEBUG | Pong получен от Bybit Stream.
25-11-24 16:03:27 | DEBUG | Pong получен от Bybit Stream.
25-11-24 16:03:27 | DEBUG | Pong получен от Bybit Stream.
25-11-24 16:03:28 | DEBUG | Pong получен от Bybit Stream.
25-11-24 16:03:39 | INFO | Новый сигнал из ТГ: {'side': 'LONG', 'coin': 'AVAX/USDT', 'sl': 11.863217, 'tp1': 13.522211, 'tp2': 13.711534, 'tp3': 13.976696, 'tp4': 14.601119, 'tp5': 15.277326}
25-11-24 16:03:39 | INFO | Запуск WebSocket для AVAXUSDT. Задержка сброшена на 5с.
25-11-24 16:03:41 | INFO | Соединение с Bybit Stream для AVAXUSDT открыто. Отправка подписки.
25-11-24 16:03:41 | INFO | Первое сообщение получено от Bybit Stream для AVAXUSDT. Соединение стабильно.
25-11-24 16:03:41 | INFO | Первое сообщение получено от Bybit Stream для AVAXUSDT. Соединение стабильно.
25-11-24 16:03:41 | INFO | Первое сообщение получено от Bybit Stream для AVAXUSDT. Соединение стабильно.
25-11-24 16:03:41 | INFO | Подключились к Bybit Stream для AVAXUSDT ✅
25-11-24 16:03:41 | INFO | Подключились к Bybit Stream для AVAXUSDT ✅
25-11-24 16:03:41 | INFO | Подключились к Bybit Stream для AVAXUSDT ✅
25-11-24 16:03:46 | INFO | Обновил таблицу
25-11-24 16:03:46 | INFO | Подключились к Google API ✅
25-11-24 16:03:46 | DEBUG | Pong получен от Bybit Stream.
25-11-24 16:03:46 | DEBUG | Pong получен от Bybit Stream.
25-11-24 16:03:46 | DEBUG | Pong получен от Bybit Stream.
25-11-24 16:03:46 | DEBUG | Pong получен от Bybit Stream.
25-11-24 16:03:46 | DEBUG | Pong получен от Bybit Stream.
25-11-24 16:03:46 | DEBUG | Pong получен от Bybit Stream.
25-11-24 16:03:46 | DEBUG | Pong получен от Bybit Stream.
25-11-24 16:03:46 | DEBUG | Pong получен от Bybit Stream.
25-11-24 16:03:46 | DEBUG | Pong получен от Bybit Stream.
25-11-24 16:03:46 | DEBUG | Pong получен от Bybit Stream.
25-11-24 16:03:46 | DEBUG | Pong получен от Bybit Stream.
25-11-24 16:03:46 | DEBUG | Pong получен от Bybit Stream.
25-11-24 16:03:46 | DEBUG | Pong получен от Bybit Stream.
25-11-24 16:03:46 | DEBUG | Pong получен от Bybit Stream.
25-11-24 16:03:46 | DEBUG | Pong получен от Bybit Stream.
25-11-24 16:03:46 | DEBUG | Pong получен от Bybit Stream.
25-11-24 16:03:46 | DEBUG | Pong получен от Bybit Stream.
25-11-24 16:03:46 | DEBUG | Pong получен от Bybit Stream.
25-11-24 16:03:46 | DEBUG | Pong получен от Bybit Stream.
25-11-24 16:03:46 | DEBUG | Pong получен от Bybit Stream.
25-11-24 16:03:46 | DEBUG | Pong получен от Bybit Stream.
25-11-24 16:03:46 | DEBUG | Pong получен от Bybit Stream.
25-11-24 16:03:46 | DEBUG | Pong получен от Bybit Stream.
25-11-24 16:03:46 | DEBUG | Pong получен от Bybit Stream.
25-11-24 16:03:46 | DEBUG | Pong получен от Bybit Stream.
25-11-24 16:03:46 | DEBUG | Pong получен от Bybit Stream.
25-11-24 16:03:46 | DEBUG | Pong получен от Bybit Stream.
25-11-24 16:03:46 | DEBUG | Pong получен от Bybit Stream.
25-11-24 16:03:46 | DEBUG | Pong получен от Bybit Stream.
25-11-24 16:03:46 | DEBUG | Pong получен от Bybit Stream.
25-11-24 16:03:46 | DEBUG | Pong получен от Bybit Stream.
25-11-24 16:03:46 | DEBUG | Pong получен от Bybit Stream.
25-11-24 16:03:46 | DEBUG | Pong получен от Bybit Stream.
25-11-24 16:03:46 | DEBUG | Pong получен от Bybit Stream.
25-11-24 16:03:46 | DEBUG | Pong получен от Bybit Stream.
25-11-24 16:03:46 | DEBUG | Pong получен от Bybit Stream.
25-11-24 16:03:46 | DEBUG | Pong получен от Bybit Stream.
25-11-24 16:03:46 | DEBUG | Pong получен от Bybit Stream.
25-11-24 16:03:46 | DEBUG | Pong получен от Bybit Stream.
25-11-24 16:03:46 | DEBUG | Pong получен от Bybit Stream.
25-11-24 16:03:46 | DEBUG | Pong получен от Bybit Stream.
25-11-24 16:03:46 | DEBUG | Pong получен от Bybit Stream.
25-11-24 16:03:46 | DEBUG | Pong получен от Bybit Stream.
25-11-24 16:03:46 | DEBUG | Pong получен от Bybit Stream.
25-11-24 16:03:46 | DEBUG | Pong получен от Bybit Stream.
25-11-24 16:03:46 | DEBUG | Pong получен от Bybit Stream.
25-11-24 16:03:46 | DEBUG | Pong получен от Bybit Stream.
25-11-24 16:03:46 | DEBUG | Pong получен от Bybit Stream.
25-11-24 16:03:46 | DEBUG | Pong получен от Bybit Stream.
25-11-24 16:03:46 | DEBUG | Pong получен от Bybit Stream.
25-11-24 16:03:47 | DEBUG | Pong получен от Bybit Stream.
25-11-24 16:03:47 | DEBUG | Pong получен от Bybit Stream.
25-11-24 16:03:47 | DEBUG | Pong получен от Bybit Stream.
25-11-24 16:03:47 | DEBUG | Pong получен от Bybit Stream.
25-11-24 16:03:47 | DEBUG | Pong получен от Bybit Stream.
25-11-24 16:03:47 | DEBUG | Pong получен от Bybit Stream.
25-11-24 16:03:47 | DEBUG | Pong получен от Bybit Stream.
25-11-24 16:03:47 | DEBUG | Pong получен от Bybit Stream.
25-11-24 16:03:47 | DEBUG | Pong получен от Bybit Stream.
25-11-24 16:03:47 | DEBUG | Pong получен от Bybit Stream.
25-11-24 16:03:47 | DEBUG | Pong получен от Bybit Stream.
25-11-24 16:03:47 | DEBUG | Pong получен от Bybit Stream.
25-11-24 16:03:47 | DEBUG | Pong получен от Bybit Stream.
25-11-24 16:03:47 | DEBUG | Pong получен от Bybit Stream.
25-11-24 16:03:47 | DEBUG | Pong получен от Bybit Stream.
25-11-24 16:03:48 | DEBUG | Pong получен от Bybit Stream.
25-11-24 16:03:48 | DEBUG | Pong получен от Bybit Stream.
25-11-24 16:04:06 | DEBUG | Pong получен от Bybit Stream.
25-11-24 16:04:06 | DEBUG | Pong получен от Bybit Stream.
25-11-24 16:04:06 | DEBUG | Pong получен от Bybit Stream.
25-11-24 16:04:06 | DEBUG | Pong получен от Bybit Stream.
25-11-24 16:04:06 | DEBUG | Pong получен от Bybit Stream.
25-11-24 16:04:06 | DEBUG | Pong получен от Bybit Stream.
25-11-24 16:04:06 | DEBUG | Pong получен от Bybit Stream.
25-11-24 16:04:06 | DEBUG | Pong получен от Bybit Stream.
25-11-24 16:04:06 | DEBUG | Pong получен от Bybit Stream.
25-11-24 16:04:06 | DEBUG | Pong получен от Bybit Stream.
25-11-24 16:04:06 | DEBUG | Pong получен от Bybit Stream.
25-11-24 16:04:06 | DEBUG | Pong получен от Bybit Stream.
25-11-24 16:04:06 | DEBUG | Pong получен от Bybit Stream.
25-11-24 16:04:06 | DEBUG | Pong получен от Bybit Stream.
25-11-24 16:04:06 | DEBUG | Pong получен от Bybit Stream.
25-11-24 16:04:06 | DEBUG | Pong получен от Bybit Stream.
25-11-24 16:04:06 | DEBUG | Pong получен от Bybit Stream.
25-11-24 16:04:06 | DEBUG | Pong получен от Bybit Stream.
25-11-24 16:04:06 | DEBUG | Pong получен от Bybit Stream.
25-11-24 16:04:06 | DEBUG | Pong получен от Bybit Stream.
25-11-24 16:04:06 | DEBUG | Pong получен от Bybit Stream.
25-11-24 16:04:06 | DEBUG | Pong получен от Bybit Stream.
25-11-24 16:04:06 | DEBUG | Pong получен от Bybit Stream.
25-11-24 16:04:06 | DEBUG | Pong получен от Bybit Stream.
25-11-24 16:04:06 | DEBUG | Pong получен от Bybit Stream.
25-11-24 16:04:06 | DEBUG | Pong получен от Bybit Stream.
25-11-24 16:04:06 | DEBUG | Pong получен от Bybit Stream.
25-11-24 16:04:06 | DEBUG | Pong получен от Bybit Stream.
25-11-24 16:04:06 | DEBUG | Pong получен от Bybit Stream.
25-11-24 16:04:06 | DEBUG | Pong получен от Bybit Stream.
25-11-24 16:04:06 | DEBUG | Pong получен от Bybit Stream.
25-11-24 16:04:06 | DEBUG | Pong получен от Bybit Stream.
25-11-24 16:04:06 | DEBUG | Pong получен от Bybit Stream.
25-11-24 16:04:06 | DEBUG | Pong получен от Bybit Stream.
25-11-24 16:04:06 | DEBUG | Pong получен от Bybit Stream.
25-11-24 16:04:06 | DEBUG | Pong получен от Bybit Stream.
25-11-24 16:04:06 | DEBUG | Pong получен от Bybit Stream.
25-11-24 16:04:06 | DEBUG | Pong получен от Bybit Stream.
25-11-24 16:04:06 | DEBUG | Pong получен от Bybit Stream.
25-11-24 16:04:06 | DEBUG | Pong получен от Bybit Stream.
25-11-24 16:04:06 | DEBUG | Pong получен от Bybit Stream.
25-11-24 16:04:06 | DEBUG | Pong получен от Bybit Stream.
25-11-24 16:04:06 | DEBUG | Pong получен от Bybit Stream.
25-11-24 16:04:06 | DEBUG | Pong получен от Bybit Stream.
25-11-24 16:04:06 | DEBUG | Pong получен от Bybit Stream.
25-11-24 16:04:06 | DEBUG | Pong получен от Bybit Stream.
25-11-24 16:04:06 | DEBUG | Pong получен от Bybit Stream.
25-11-24 16:04:06 | DEBUG | Pong получен от Bybit Stream.
25-11-24 16:04:06 | DEBUG | Pong получен от Bybit Stream.
25-11-24 16:04:07 | DEBUG | Pong получен от Bybit Stream.
25-11-24 16:04:07 | DEBUG | Pong получен от Bybit Stream.
25-11-24 16:04:07 | DEBUG | Pong получен от Bybit Stream.
25-11-24 16:04:07 | DEBUG | Pong получен от Bybit Stream.
25-11-24 16:04:07 | DEBUG | Pong получен от Bybit Stream.
25-11-24 16:04:07 | DEBUG | Pong получен от Bybit Stream.
25-11-24 16:04:07 | DEBUG | Pong получен от Bybit Stream.
25-11-24 16:04:07 | DEBUG | Pong получен от Bybit Stream.
25-11-24 16:04:07 | DEBUG | Pong получен от Bybit Stream.
25-11-24 16:04:07 | DEBUG | Pong получен от Bybit Stream.
25-11-24 16:04:07 | DEBUG | Pong получен от Bybit Stream.
25-11-24 16:04:07 | DEBUG | Pong получен от Bybit Stream.
25-11-24 16:04:07 | DEBUG | Pong получен от Bybit Stream.
25-11-24 16:04:07 | DEBUG | Pong получен от Bybit Stream.
25-11-24 16:04:07 | DEBUG | Pong получен от Bybit Stream.
25-11-24 16:04:07 | DEBUG | Pong получен от Bybit Stream.
25-11-24 16:04:08 | DEBUG | Pong получен от Bybit Stream.
25-11-24 16:04:08 | DEBUG | Pong получен от Bybit Stream.
25-11-24 16:04:21 | DEBUG | Pong получен от Bybit Stream.
25-11-24 16:04:26 | DEBUG | Pong получен от Bybit Stream.
25-11-24 16:04:26 | DEBUG | Pong получен от Bybit Stream.
25-11-24 16:04:26 | DEBUG | Pong получен от Bybit Stream.
25-11-24 16:04:26 | DEBUG | Pong получен от Bybit Stream.
25-11-24 16:04:26 | DEBUG | Pong получен от Bybit Stream.
25-11-24 16:04:26 | DEBUG | Pong получен от Bybit Stream.
25-11-24 16:04:26 | DEBUG | Pong получен от Bybit Stream.
25-11-24 16:04:26 | DEBUG | Pong получен от Bybit Stream.
25-11-24 16:04:26 | DEBUG | Pong получен от Bybit Stream.
25-11-24 16:04:26 | DEBUG | Pong получен от Bybit Stream.
25-11-24 16:04:26 | DEBUG | Pong получен от Bybit Stream.
25-11-24 16:04:26 | DEBUG | Pong получен от Bybit Stream.
25-11-24 16:04:26 | DEBUG | Pong получен от Bybit Stream.
25-11-24 16:04:26 | DEBUG | Pong получен от Bybit Stream.
25-11-24 16:04:26 | DEBUG | Pong получен от Bybit Stream.
25-11-24 16:04:26 | DEBUG | Pong получен от Bybit Stream.
25-11-24 16:04:26 | DEBUG | Pong получен от Bybit Stream.
25-11-24 16:04:26 | DEBUG | Pong получен от Bybit Stream.
25-11-24 16:04:26 | DEBUG | Pong получен от Bybit Stream.
25-11-24 16:04:26 | DEBUG | Pong получен от Bybit Stream.
25-11-24 16:04:26 | DEBUG | Pong получен от Bybit Stream.
25-11-24 16:04:26 | DEBUG | Pong получен от Bybit Stream.
25-11-24 16:04:26 | DEBUG | Pong получен от Bybit Stream.
25-11-24 16:04:26 | DEBUG | Pong получен от Bybit Stream.
25-11-24 16:04:26 | DEBUG | Pong получен от Bybit Stream.
25-11-24 16:04:26 | DEBUG | Pong получен от Bybit Stream.
25-11-24 16:04:26 | DEBUG | Pong получен от Bybit Stream.
25-11-24 16:04:26 | DEBUG | Pong получен от Bybit Stream.
25-11-24 16:04:26 | DEBUG | Pong получен от Bybit Stream.
25-11-24 16:04:26 | DEBUG | Pong получен от Bybit Stream.
25-11-24 16:04:26 | DEBUG | Pong получен от Bybit Stream.
25-11-24 16:04:26 | DEBUG | Pong получен от Bybit Stream.
25-11-24 16:04:26 | DEBUG | Pong получен от Bybit Stream.
25-11-24 16:04:26 | DEBUG | Pong получен от Bybit Stream.
25-11-24 16:04:26 | DEBUG | Pong получен от Bybit Stream.
25-11-24 16:04:26 | DEBUG | Pong получен от Bybit Stream.
25-11-24 16:04:26 | DEBUG | Pong получен от Bybit Stream.
25-11-24 16:04:26 | DEBUG | Pong получен от Bybit Stream.
25-11-24 16:04:26 | DEBUG | Pong получен от Bybit Stream.
25-11-24 16:04:26 | DEBUG | Pong получен от Bybit Stream.
25-11-24 16:04:26 | DEBUG | Pong получен от Bybit Stream.
25-11-24 16:04:26 | DEBUG | Pong получен от Bybit Stream.
25-11-24 16:04:26 | DEBUG | Pong получен от Bybit Stream.
25-11-24 16:04:26 | DEBUG | Pong получен от Bybit Stream.
25-11-24 16:04:26 | DEBUG | Pong получен от Bybit Stream.
25-11-24 16:04:26 | DEBUG | Pong получен от Bybit Stream.
25-11-24 16:04:26 | DEBUG | Pong получен от Bybit Stream.
25-11-24 16:04:27 | DEBUG | Pong получен от Bybit Stream.
25-11-24 16:04:27 | DEBUG | Pong получен от Bybit Stream.
25-11-24 16:04:27 | DEBUG | Pong получен от Bybit Stream.
25-11-24 16:04:27 | DEBUG | Pong получен от Bybit Stream.
25-11-24 16:04:27 | DEBUG | Pong получен от Bybit Stream.
25-11-24 16:04:27 | DEBUG | Pong получен от Bybit Stream.
25-11-24 16:04:27 | DEBUG | Pong получен от Bybit Stream.
25-11-24 16:04:27 | DEBUG | Pong получен от Bybit Stream.
25-11-24 16:04:27 | DEBUG | Pong получен от Bybit Stream.
25-11-24 16:04:27 | DEBUG | Pong получен от Bybit Stream.
25-11-24 16:04:27 | DEBUG | Pong получен от Bybit Stream.
25-11-24 16:04:27 | DEBUG | Pong получен от Bybit Stream.
25-11-24 16:04:27 | DEBUG | Pong получен от Bybit Stream.
25-11-24 16:04:27 | DEBUG | Pong получен от Bybit Stream.
25-11-24 16:04:27 | DEBUG | Pong получен от Bybit Stream.
25-11-24 16:04:27 | DEBUG | Pong получен от Bybit Stream.
25-11-24 16:04:27 | DEBUG | Pong получен от Bybit Stream.
25-11-24 16:04:27 | DEBUG | Pong получен от Bybit Stream.
25-11-24 16:04:28 | DEBUG | Pong получен от Bybit Stream.
25-11-24 16:04:28 | DEBUG | Pong получен от Bybit Stream.
