
26-02-16 20:54:50 | INFO | ====================
26-02-16 20:54:50 | INFO | Попытка подключения к Google Sheets API...
26-02-16 20:54:52 | INFO | Успешное подключение к Google Sheets API.
26-02-16 20:54:52 | INFO | Подключились к Google API ✅
26-02-16 20:54:58 | INFO | Bot started
26-02-16 20:54:58 | INFO | Загрузка незавершенных ордеров из таблицы...
26-02-16 20:54:59 | INFO | Найдено 10 незавершенных ордеров.
26-02-16 20:55:00 | INFO | Подключились к Telegram API ✅
26-02-16 20:55:00 | INFO | Загрузка ордера из таблицы: ['4', 'CAKEUSDT', 'LONG', '25.11, 13:44', '2,367', '2,372294', '2,40487', '2,449511', '2,556482', '2,687148', '3', '1,56638592', '➕', '', '0', '', '➕', 5]
26-02-16 20:55:00 | INFO | Создание нового WebSocket-потока для CAKEUSDT на bingx.
26-02-16 20:55:00 | INFO | Загрузка ордера из таблицы: ['5', 'ZRXUSDT', 'LONG', '25.11, 13:47', '0,1591', '0,161441', '0,163721', '0,166914', '0,174321', '0,182856', '3', '0,10528602', '➕', '', '0', '', '➕', 6]
26-02-16 20:55:00 | INFO | Создание нового WebSocket-потока для ZRXUSDT на bingx.
26-02-16 20:55:00 | INFO | Загрузка ордера из таблицы: ['6', 'ZRXUSDT', 'LONG', '25.11, 14:00', '0,1595', '0,161441', '0,163721', '0,166914', '0,174321', '0,182856', '3', '0,10555072', '➕', '', '0', '', '➕', 7]
26-02-16 20:55:00 | INFO | Загрузка ордера из таблицы: ['8', 'ZRXUSDT', 'LONG', '25.11, 13:58', '0,1596', '0,161441', '0,163721', '0,166914', '0,174321', '0,182856', '3', '0,1056169', '➕', '', '0', '', '➕', 9]
26-02-16 20:55:00 | INFO | Загрузка ордера из таблицы: ['9', 'CAKEUSDT', 'LONG', '25.11, 13:53', '2,367', '2,372294', '2,40487', '2,449511', '2,556482', '2,687148', '3', '1,56638592', '➕', '', '0', '', '➕', 10]
26-02-16 20:55:00 | INFO | Загрузка ордера из таблицы: ['10', 'ADAUSDT', 'LONG', '25.11, 13:54', '0,4162', '0,807819', '0,819471', '0,834497', '0,870116', '0,912663', '2', '0,3129824', '➕', '', '0', '', '➕', 11]
26-02-16 20:55:00 | INFO | Создание нового WebSocket-потока для ADAUSDT на bingx.
26-02-16 20:55:00 | INFO | Загрузка ордера из таблицы: ['11', 'SUIUSDT', 'LONG', '25.11, 14:13', '1,5413', '1,554892', '1,575457', '1,604706', '1,673548', '1,758934', '3', '1,01997069', '➕', '', '0', '', '➕', 12]
26-02-16 20:55:00 | INFO | Создание нового WebSocket-потока для SUIUSDT на bingx.
26-02-16 20:55:00 | INFO | Загрузка ордера из таблицы: ['17', 'HBARUSDT', 'SHORT', '31.01, 16:37', '0,09391', '0,094486', '0,092936', '0,091326', '0,086858', '0,081501', '0', '', '➕', '', '4', '', '➕', 18]
26-02-16 20:55:00 | INFO | Создание нового WebSocket-потока для HBARUSDT на bingx.
26-02-16 20:55:00 | INFO | Загрузка ордера из таблицы: ['18', 'HBARUSDT', 'SHORT', '01.02, 00:22', '0,09017', '0,094486', '0,092936', '0,091326', '0,086858', '0,081501', '0', '', '➕', '', '4', '', '➕', 19]
26-02-16 20:55:00 | INFO | Загрузка ордера из таблицы: ['19', 'HBARUSDT', 'SHORT', '01.02, 00:31', '0,0908', '0,094486', '0,092936', '0,091326', '0,086858', '0,081501', '0', '', '➕', '', '4', '', '➕', 20]
26-02-16 20:55:01 | INFO | Соединение с BingX Futures Stream открыто.
26-02-16 20:55:01 | INFO | Отправлена подписка на ZRXUSDT
26-02-16 20:55:01 | INFO | Отправлена подписка на CAKEUSDT
26-02-16 20:55:01 | INFO | Отправлена подписка на ADAUSDT
26-02-16 20:55:01 | INFO | Отправлена подписка на SUIUSDT
26-02-16 20:55:01 | INFO | Отправлена подписка на HBARUSDT
26-02-16 20:55:01 | INFO | Первое сообщение получено от BingX для ADAUSDT. Соединение стабильно.
26-02-16 20:55:01 | INFO | Подключились к BingX Futures Stream для ADAUSDT ✅
26-02-16 20:55:02 | INFO | Первое сообщение получено от BingX для SUIUSDT. Соединение стабильно.
26-02-16 20:55:02 | INFO | Подключились к BingX Futures Stream для SUIUSDT ✅
26-02-16 20:55:02 | INFO | Первое сообщение получено от BingX для HBARUSDT. Соединение стабильно.
26-02-16 20:55:02 | INFO | Подключились к BingX Futures Stream для HBARUSDT ✅
26-02-16 20:55:02 | INFO | Первое сообщение получено от BingX для ZRXUSDT. Соединение стабильно.
26-02-16 20:55:02 | INFO | Подключились к BingX Futures Stream для ZRXUSDT ✅
26-02-16 20:55:02 | INFO | Первое сообщение получено от BingX для CAKEUSDT. Соединение стабильно.
26-02-16 20:55:02 | INFO | Подключились к BingX Futures Stream для CAKEUSDT ✅
26-02-16 20:57:41 | INFO | Новый сигнал из ТГ: {'exchange': 'bingx', 'side': 'SHORT', 'coin': 'ADA/USDT', 'sl': 0.391844, 'tp1': 0.348028, 'tp2': 0.342883, 'tp3': 0.336168, 'tp4': 0.320927, 'tp5': 0.301871}
26-02-16 20:57:50 | INFO | Новый сигнал из ТГ: {'exchange': 'bingx', 'side': 'SHORT', 'coin': 'SAND/USDT', 'sl': 0.120683, 'tp1': 0.107616, 'tp2': 0.106247, 'tp3': 0.103923, 'tp4': 0.099109, 'tp5': 0.09327}
26-02-16 20:57:50 | INFO | Создание нового WebSocket-потока для SANDUSDT на bingx.
26-02-16 20:57:50 | INFO | Отправлена подписка на SANDUSDT
26-02-16 20:57:51 | INFO | Первое сообщение получено от BingX для SANDUSDT. Соединение стабильно.
26-02-16 20:57:51 | INFO | Подключились к BingX Futures Stream для SANDUSDT ✅
26-02-16 20:57:51 | INFO | Запись новой сделки в строку 26: [25, 'SANDUSDT', 'SHORT', '16.02, 20:57', 0.08666, 0.107616, 0.106247, 0.103923, 0.099109, 0.09327, '0', '', '➕', '', '0', '', '➖']
26-02-16 20:57:52 | INFO | Успешно записали новую сделку в таблицу.
26-02-16 20:57:54 | INFO | Отправил уведомление в телеграм
26-02-16 20:57:54 | INFO | ✅ Взяли 1 цель 🔥
💰 <b>#SAND/USDT [SHORT]</b>(⏰ 16.02, 20:57 msk).
Цена: 0.107616
🐋 Ecosystem x10: @valcapital
Текущая цена: 0.08664 (Max batch: 0.08664, Min batch: 0.08664)
26-02-16 20:57:54 | INFO | Обновление TP=1 для строки 26
26-02-16 20:57:55 | INFO | Успешно обновили TP в таблице для строки 26.
26-02-16 20:57:57 | INFO | Отправил уведомление в телеграм
26-02-16 20:57:57 | INFO | ✅ Взяли 2 цель 🔥
💰 <b>#SAND/USDT [SHORT]</b>(⏰ 16.02, 20:57 msk).
Цена: 0.106247
🐋 Ecosystem x10: @valcapital
Текущая цена: 0.08666 (Max batch: 0.08666, Min batch: 0.08664)
26-02-16 20:57:57 | INFO | Обновление TP=2 для строки 26
26-02-16 20:57:59 | INFO | Успешно обновили TP в таблице для строки 26.
26-02-16 20:58:00 | INFO | Отправил уведомление в телеграм
26-02-16 20:58:00 | INFO | ✅ Взяли 3 цель 🔥
💰 <b>#SAND/USDT [SHORT]</b>(⏰ 16.02, 20:57 msk).
Цена: 0.103923
🐋 Ecosystem x10: @valcapital
Текущая цена: 0.08666 (Max batch: 0.08666, Min batch: 0.08666)
26-02-16 20:58:00 | INFO | Обновление TP=3 для строки 26
26-02-16 20:58:01 | INFO | Успешно обновили TP в таблице для строки 26.
26-02-16 20:58:04 | INFO | Отправил уведомление в телеграм
26-02-16 20:58:04 | INFO | ✅ Взяли 4 цель 🔥
💰 <b>#SAND/USDT [SHORT]</b>(⏰ 16.02, 20:57 msk).
Цена: 0.099109
🐋 Ecosystem x10: @valcapital
Текущая цена: 0.08666 (Max batch: 0.08666, Min batch: 0.08664)
26-02-16 20:58:04 | INFO | Обновление TP=4 для строки 26
26-02-16 20:58:06 | INFO | Успешно обновили TP в таблице для строки 26.
26-02-16 20:58:08 | INFO | Отправил уведомление в телеграм
26-02-16 20:58:08 | INFO | ✅ Взяли 5 цель 🔥
💰 <b>#SAND/USDT [SHORT]</b>(⏰ 16.02, 20:57 msk).
Цена: 0.09327
🐋 Ecosystem x10: @valcapital
Текущая цена: 0.08664 (Max batch: 0.08666, Min batch: 0.08664)
26-02-16 20:58:08 | INFO | Финальное обновление TP=5 и закрытие сделки для строки 26
26-02-16 20:58:09 | INFO | Успешно закрыли сделку по TP в таблице для строки 26.
26-02-16 20:58:55 | INFO | Новый сигнал из ТГ: {'exchange': 'bingx', 'side': 'SHORT', 'coin': 'ADA/USDT', 'sl': 0.391844, 'tp1': 0.348028, 'tp2': 0.342883, 'tp3': 0.336168, 'tp4': 0.320927, 'tp5': 0.301871}
26-02-16 21:00:17 | INFO | Завершение скрипта пользователем.
26-02-16 21:00:20 | INFO | ====================
26-02-16 21:00:20 | INFO | Попытка подключения к Google Sheets API...
26-02-16 21:00:22 | INFO | Успешное подключение к Google Sheets API.
26-02-16 21:00:22 | INFO | Подключились к Google API ✅
26-02-16 21:00:28 | INFO | Bot started
26-02-16 21:00:28 | INFO | Загрузка незавершенных ордеров из таблицы...
26-02-16 21:00:29 | INFO | Найдено 3 незавершенных ордеров.
26-02-16 21:00:30 | INFO | Загрузка ордера из таблицы: ['4', 'CAKEUSDT', 'LONG', '25.11, 13:44', '2,367', '2,372294', '2,40487', '2,449511', '2,556482', '2,687148', '3', '1,56638592', '➕', '', '0', '', '➕', 5]
26-02-16 21:00:30 | INFO | Создание нового WebSocket-потока для CAKEUSDT на bingx.
26-02-16 21:00:30 | INFO | Загрузка ордера из таблицы: ['5', 'ZRXUSDT', 'LONG', '25.11, 13:47', '0,1591', '0,161441', '0,163721', '0,166914', '0,174321', '0,182856', '3', '0,10528602', '➕', '', '0', '', '➕', 6]
26-02-16 21:00:30 | INFO | Создание нового WebSocket-потока для ZRXUSDT на bingx.
26-02-16 21:00:30 | INFO | Загрузка ордера из таблицы: ['6', 'ZRXUSDT', 'LONG', '25.11, 14:00', '0,1595', '0,161441', '0,163721', '0,166914', '0,174321', '0,182856', '3', '0,10555072', '➕', '', '0', '', '➕', 7]
26-02-16 21:00:30 | INFO | Создание нового WebSocket-потока для ZRXUSDT на bingx.
26-02-16 21:00:30 | INFO | Соединение с BingX Futures Stream открыто.
26-02-16 21:00:30 | INFO | Отправлена подписка на CAKEUSDT
26-02-16 21:00:30 | INFO | Отправлена подписка на ZRXUSDT
26-02-16 21:00:31 | INFO | Первое сообщение получено от BingX для ZRXUSDT. Соединение стабильно.
26-02-16 21:00:31 | INFO | Подключились к BingX Futures Stream для ZRXUSDT ✅
26-02-16 21:00:31 | INFO | Первое сообщение получено от BingX для CAKEUSDT. Соединение стабильно.
26-02-16 21:00:31 | INFO | Подключились к BingX Futures Stream для CAKEUSDT ✅
26-02-16 21:00:33 | INFO | Подключились к Telegram API ✅
26-02-16 21:00:39 | INFO | Новый сигнал из ТГ: {'exchange': 'bingx', 'side': 'SHORT', 'coin': 'ADA/USDT', 'sl': 0.391844, 'tp1': 0.348028, 'tp2': 0.342883, 'tp3': 0.336168, 'tp4': 0.320927, 'tp5': 0.301871}
26-02-16 21:00:39 | INFO | Создание нового WebSocket-потока для ADAUSDT на bingx.
26-02-16 21:00:39 | INFO | Отправлена подписка на ADAUSDT
26-02-16 21:00:39 | INFO | Первое сообщение получено от BingX для ADAUSDT. Соединение стабильно.
26-02-16 21:00:39 | INFO | Подключились к BingX Futures Stream для ADAUSDT ✅
26-02-16 21:00:40 | INFO | Запись новой сделки в строку 8: [7, 'ADAUSDT', 'SHORT', '16.02, 21:00', 0.28197, 0.348028, 0.342883, 0.336168, 0.320927, 0.301871, '0', '', '➕', '', '0', '', '➖']
26-02-16 21:00:41 | INFO | Успешно записали новую сделку в таблицу.
26-02-16 21:00:42 | INFO | Отправил уведомление в телеграм
26-02-16 21:00:42 | INFO | ✅ Взяли 1 цель 🔥
💰 <b>#ADA/USDT [SHORT]</b>(⏰ 16.02, 21:00 msk).
Цена: 0.348028
🐋 Ecosystem x10: @valcapital
Текущая цена: 0.28197 (Max batch: 0.28197, Min batch: 0.28197)
26-02-16 21:00:42 | INFO | Обновление TP=1 для строки 8
26-02-16 21:00:43 | INFO | Успешно обновили TP в таблице для строки 8.
26-02-16 21:00:44 | INFO | Отправил уведомление в телеграм
26-02-16 21:00:44 | INFO | ✅ Взяли 2 цель 🔥
💰 <b>#ADA/USDT [SHORT]</b>(⏰ 16.02, 21:00 msk).
Цена: 0.342883
🐋 Ecosystem x10: @valcapital
Текущая цена: 0.28197 (Max batch: 0.28205, Min batch: 0.28197)
26-02-16 21:00:44 | INFO | Обновление TP=2 для строки 8
26-02-16 21:00:45 | INFO | Успешно обновили TP в таблице для строки 8.
26-02-16 21:00:46 | INFO | Отправил уведомление в телеграм
26-02-16 21:00:46 | INFO | ✅ Взяли 3 цель 🔥
💰 <b>#ADA/USDT [SHORT]</b>(⏰ 16.02, 21:00 msk).
Цена: 0.336168
🐋 Ecosystem x10: @valcapital
Текущая цена: 0.28207 (Max batch: 0.28215, Min batch: 0.28207)
26-02-16 21:00:46 | INFO | Обновление TP=3 для строки 8
26-02-16 21:00:47 | INFO | Успешно обновили TP в таблице для строки 8.
26-02-16 21:00:48 | INFO | Отправил уведомление в телеграм
26-02-16 21:00:48 | INFO | ✅ Взяли 4 цель 🔥
💰 <b>#ADA/USDT [SHORT]</b>(⏰ 16.02, 21:00 msk).
Цена: 0.320927
🐋 Ecosystem x10: @valcapital
Текущая цена: 0.28215 (Max batch: 0.28215, Min batch: 0.28215)
26-02-16 21:00:48 | INFO | Обновление TP=4 для строки 8
26-02-16 21:00:50 | INFO | Успешно обновили TP в таблице для строки 8.
26-02-16 21:00:51 | INFO | Отправил уведомление в телеграм
26-02-16 21:00:51 | INFO | ✅ Взяли 5 цель 🔥
💰 <b>#ADA/USDT [SHORT]</b>(⏰ 16.02, 21:00 msk).
Цена: 0.301871
🐋 Ecosystem x10: @valcapital
Текущая цена: 0.28215 (Max batch: 0.28215, Min batch: 0.28207)
26-02-16 21:00:51 | INFO | Финальное обновление TP=5 и закрытие сделки для строки 8
26-02-16 21:00:51 | INFO | Успешно закрыли сделку по TP в таблице для строки 8.
26-02-16 21:02:01 | ERROR | Не смог получить данные от телеграма: ('Connection aborted.', RemoteDisconnected('Remote end closed connection without response')), пробую еще раз..
26-02-16 21:02:01 | INFO | Не смог получить данные от Telegram API ❌
26-02-16 21:02:13 | INFO | Подключились к Telegram API ✅
26-02-16 21:16:13 | INFO | Новый сигнал из ТГ: {'exchange': 'bingx', 'side': 'LONG', 'coin': 'BTC/USDT', 'sl': 57691.591554, 'tp1': 65576.545465, 'tp2': 66506.670634, 'tp3': 67824.834574, 'tp4': 70812.57542, 'tp5': 74218.563114}
26-02-16 21:16:13 | INFO | Создание нового WebSocket-потока для BTCUSDT на bingx.
26-02-16 21:16:13 | INFO | Отправлена подписка на BTCUSDT
26-02-16 21:16:14 | INFO | Первое сообщение получено от BingX для BTCUSDT. Соединение стабильно.
26-02-16 21:16:14 | INFO | Подключились к BingX Futures Stream для BTCUSDT ✅
26-02-16 21:16:15 | INFO | Запись новой сделки в строку 9: [8, 'BTCUSDT', 'LONG', '16.02, 21:16', 68067.3, 65576.545465, 66506.670634, 67824.834574, 70812.57542, 74218.563114, '0', '', '➕', '', '0', '', '➖']
26-02-16 21:16:16 | INFO | Успешно записали новую сделку в таблицу.
26-02-16 21:16:18 | INFO | Отправил уведомление в телеграм
26-02-16 21:16:18 | INFO | ✅ Взяли 1 цель 🔥
💰 <b>#BTC/USDT [LONG]</b>(⏰ 16.02, 21:16 msk).
Цена: 65576.545465
🐋 Ecosystem x10: @valcapital
Текущая цена: 68067.3 (Max batch: 68067.3, Min batch: 68067.1)
26-02-16 21:16:18 | INFO | Обновление TP=1 для строки 9
26-02-16 21:16:20 | INFO | Успешно обновили TP в таблице для строки 9.
26-02-16 21:16:21 | INFO | Отправил уведомление в телеграм
26-02-16 21:16:21 | INFO | ✅ Взяли 2 цель 🔥
💰 <b>#BTC/USDT [LONG]</b>(⏰ 16.02, 21:16 msk).
Цена: 66506.670634
🐋 Ecosystem x10: @valcapital
Текущая цена: 68069.1 (Max batch: 68069.2, Min batch: 68069.1)
26-02-16 21:16:21 | INFO | Обновление TP=2 для строки 9
26-02-16 21:16:23 | INFO | Успешно обновили TP в таблице для строки 9.
26-02-16 21:16:24 | INFO | Отправил уведомление в телеграм
26-02-16 21:16:24 | INFO | ✅ Взяли 3 цель 🔥
💰 <b>#BTC/USDT [LONG]</b>(⏰ 16.02, 21:16 msk).
Цена: 67824.834574
🐋 Ecosystem x10: @valcapital
Текущая цена: 68073.6 (Max batch: 68073.6, Min batch: 68070.5)
26-02-16 21:16:24 | INFO | Обновление TP=3 для строки 9
26-02-16 21:16:25 | INFO | Успешно обновили TP в таблице для строки 9.
26-02-16 21:25:10 | INFO | Завершение скрипта пользователем.
26-02-25 23:31:40 | INFO | ====================
26-02-25 23:31:40 | INFO | Попытка подключения к Google Sheets API...
26-02-25 23:31:42 | INFO | Успешное подключение к Google Sheets API.
26-02-25 23:31:42 | INFO | Подключились к Google API ✅
26-02-25 23:31:48 | INFO | Bot started
26-02-25 23:31:48 | INFO | Загрузка незавершенных ордеров из таблицы...
26-02-25 23:31:49 | INFO | Найдено 5 незавершенных ордеров.
26-02-25 23:31:50 | INFO | Загрузка ордера из таблицы: ['4', 'CAKEUSDT', 'LONG', '25.11, 13:44', '2,367', '2,372294', '2,40487', '2,449511', '2,556482', '2,687148', '3', '1,56638592', '➕', '', '0', '', '➕', 5]
26-02-25 23:31:50 | INFO | Создание нового WebSocket-потока для CAKEUSDT на bingx.
26-02-25 23:31:50 | INFO | Загрузка ордера из таблицы: ['5', 'ZRXUSDT', 'LONG', '25.11, 13:47', '0,1591', '0,161441', '0,163721', '0,166914', '0,174321', '0,182856', '3', '0,10528602', '➕', '', '0', '', '➕', 6]
26-02-25 23:31:50 | INFO | Создание нового WebSocket-потока для ZRXUSDT на bingx.
26-02-25 23:31:50 | INFO | Загрузка ордера из таблицы: ['8', 'BTCUSDT', 'LONG', '16.02, 21:16', '68067,3', '65576,54547', '66506,67063', '67824,83457', '70812,57542', '74218,56311', '0', '', '➕', '', '3', '', '➖', 9]
26-02-25 23:31:50 | INFO | Создание нового WebSocket-потока для BTCUSDT на bingx.
26-02-25 23:31:50 | INFO | Загрузка ордера из таблицы: ['9', 'NEARUSDT', 'LONG', '05.12, 16:34', '1,744', '1,754938', '1,78309', '1,81799', '1,895703', '1,989672', '3', '1,15410944', '➕', '', '3', '', '➕', 10]
26-02-25 23:31:50 | INFO | Загрузка ордера из таблицы: ['6', 'ZRXUSDT', 'LONG', '25.11, 14:00', '0,1595', '0,161441', '0,163721', '0,166914', '0,174321', '0,182856', '3', '0,10555072', '➕', '', '0', '', '➕', 7]
26-02-25 23:31:50 | INFO | Создание нового WebSocket-потока для NEARUSDT на bingx.
26-02-25 23:31:50 | INFO | Подключились к Telegram API ✅
26-02-25 23:31:51 | INFO | Соединение с BingX Futures Stream открыто.
26-02-25 23:31:51 | INFO | Отправлена подписка на CAKEUSDT
26-02-25 23:31:51 | INFO | Отправлена подписка на ZRXUSDT
26-02-25 23:31:51 | INFO | Отправлена подписка на BTCUSDT
26-02-25 23:31:51 | INFO | Отправлена подписка на NEARUSDT
26-02-25 23:31:52 | INFO | Первое сообщение получено от BingX для NEARUSDT. Соединение стабильно.
26-02-25 23:31:52 | INFO | Подключились к BingX Futures Stream для NEARUSDT ✅
26-02-25 23:31:52 | INFO | Первое сообщение получено от BingX для ZRXUSDT. Соединение стабильно.
26-02-25 23:31:52 | INFO | Подключились к BingX Futures Stream для ZRXUSDT ✅
26-02-25 23:31:52 | INFO | Первое сообщение получено от BingX для BTCUSDT. Соединение стабильно.
26-02-25 23:31:52 | INFO | Подключились к BingX Futures Stream для BTCUSDT ✅
26-02-25 23:31:52 | INFO | Первое сообщение получено от BingX для CAKEUSDT. Соединение стабильно.
26-02-25 23:31:52 | INFO | Подключились к BingX Futures Stream для CAKEUSDT ✅
26-02-25 23:39:45 | INFO | Новый сигнал из ТГ: {'exchange': 'bingx', 'side': 'LONG', 'coin': 'NEAR/USDT', 'sl': 0.911921, 'tp1': 1.039456, 'tp2': 1.055564, 'tp3': 1.073931, 'tp4': 1.118955, 'tp5': 1.175983}
26-02-25 23:42:28 | INFO | Завершение скрипта пользователем.
